2021-03-02 10:22:10.032  INFO 15220 --- [main] i.o.m.SpringBootBoilerplateApplication   : Starting SpringBootBoilerplateApplication on HPElitebook8470 with PID 15220 (D:\KrishnaKabra\gitRepo\Order-management-develop\target\classes started by HP Elitebook 8470p in D:\KrishnaKabra\gitRepo\Order-management-develop)
2021-03-02 10:22:10.084  INFO 15220 --- [main] i.o.m.SpringBootBoilerplateApplication   : No active profile set, falling back to default profiles: default
2021-03-02 10:22:14.568  INFO 15220 --- [main] .s.d.r.c.RepositoryConfigurationDelegate : Bootstrapping Spring Data JPA repositories in DEFAULT mode.
2021-03-02 10:22:15.002  INFO 15220 --- [main] .s.d.r.c.RepositoryConfigurationDelegate : Finished Spring Data repository scanning in 413ms. Found 38 JPA repository interfaces.
2021-03-02 10:22:16.893  INFO 15220 --- [main] trationDelegate$BeanPostProcessorChecker : Bean 'org.springframework.security.access.expression.method.DefaultMethodSecurityExpressionHandler@198536f6' of type [org.springframework.security.access.expression.method.DefaultMethodSecurityExpressionHandler] is not eligible for getting processed by all BeanPostProcessors (for example: not eligible for auto-proxying)
2021-03-02 10:22:16.909  INFO 15220 --- [main] trationDelegate$BeanPostProcessorChecker : Bean 'methodSecurityMetadataSource' of type [org.springframework.security.access.method.DelegatingMethodSecurityMetadataSource] is not eligible for getting processed by all BeanPostProcessors (for example: not eligible for auto-proxying)
2021-03-02 10:22:17.652  INFO 15220 --- [main] o.s.b.w.embedded.tomcat.TomcatWebServer  : Tomcat initialized with port(s): 8081 (http)
2021-03-02 10:22:17.686  INFO 15220 --- [main] o.apache.catalina.core.StandardService   : Starting service [Tomcat]
2021-03-02 10:22:17.687  INFO 15220 --- [main] org.apache.catalina.core.StandardEngine  : Starting Servlet engine: [Apache Tomcat/9.0.37]
2021-03-02 10:22:18.079  INFO 15220 --- [main] o.a.c.c.C.[Tomcat].[localhost].[/]       : Initializing Spring embedded WebApplicationContext
2021-03-02 10:22:18.080  INFO 15220 --- [main] w.s.c.ServletWebServerApplicationContext : Root WebApplicationContext: initialization completed in 7813 ms
2021-03-02 10:22:19.161  INFO 15220 --- [main] o.hibernate.jpa.internal.util.LogHelper  : HHH000204: Processing PersistenceUnitInfo [name: default]
2021-03-02 10:22:19.314  INFO 15220 --- [main] org.hibernate.Version                    : HHH000412: Hibernate ORM core version 5.4.20.Final
2021-03-02 10:22:19.700  INFO 15220 --- [main] o.hibernate.annotations.common.Version   : HCANN000001: Hibernate Commons Annotations {5.1.0.Final}
2021-03-02 10:22:20.025  INFO 15220 --- [main] com.zaxxer.hikari.HikariDataSource       : HikariPool-1 - Starting...
2021-03-02 10:22:20.459  INFO 15220 --- [main] com.zaxxer.hikari.HikariDataSource       : HikariPool-1 - Start completed.
2021-03-02 10:22:20.548  INFO 15220 --- [main] org.hibernate.dialect.Dialect            : HHH000400: Using dialect: org.hibernate.dialect.PostgreSQL10Dialect
2021-03-02 10:22:25.802  INFO 15220 --- [main] o.h.e.t.j.p.i.JtaPlatformInitiator       : HHH000490: Using JtaPlatform implementation: [org.hibernate.engine.transaction.jta.platform.internal.NoJtaPlatform]
2021-03-02 10:22:25.819  INFO 15220 --- [main] j.LocalContainerEntityManagerFactoryBean : Initialized JPA EntityManagerFactory for persistence unit 'default'
2021-03-02 10:22:27.456  WARN 15220 --- [main] JpaBaseConfiguration$JpaWebConfiguration : spring.jpa.open-in-view is enabled by default. Therefore, database queries may be performed during view rendering. Explicitly configure spring.jpa.open-in-view to disable this warning
2021-03-02 10:22:30.852  INFO 15220 --- [main] o.s.b.a.e.web.EndpointLinksResolver      : Exposing 14 endpoint(s) beneath base path '/actuator'
2021-03-02 10:22:31.507  INFO 15220 --- [main] pertySourcedRequestMappingHandlerMapping : Mapped URL path [/v2/api-docs] onto method [springfox.documentation.swagger2.web.Swagger2Controller#getDocumentation(String, HttpServletRequest)]
2021-03-02 10:22:31.924  INFO 15220 --- [main] o.s.s.web.DefaultSecurityFilterChain     : Creating filter chain: any request, [org.springframework.security.web.context.request.async.WebAsyncManagerIntegrationFilter@4ad0465c, org.springframework.security.web.context.SecurityContextPersistenceFilter@363bf9d, org.springframework.security.web.header.HeaderWriterFilter@3f6f26cb, org.springframework.web.filter.CorsFilter@561e8bab, org.springframework.security.web.authentication.logout.LogoutFilter@697f4085, increpe.order.mgmt.security.jwt.JwtAuthenticationFilter@79c4454, org.springframework.security.web.savedrequest.RequestCacheAwareFilter@e7423bb, org.springframework.security.web.servletapi.SecurityContextHolderAwareRequestFilter@15c042fc, org.springframework.security.web.authentication.AnonymousAuthenticationFilter@3b8b1ba9, org.springframework.security.web.session.SessionManagementFilter@17e03804, org.springframework.security.web.access.ExceptionTranslationFilter@37ec9c49, org.springframework.security.web.access.intercept.FilterSecurityInterceptor@663d59ed]
2021-03-02 10:22:32.304  INFO 15220 --- [main] o.s.s.concurrent.ThreadPoolTaskExecutor  : Initializing ExecutorService 'applicationTaskExecutor'
2021-03-02 10:22:33.112  INFO 15220 --- [main] o.s.b.w.embedded.tomcat.TomcatWebServer  : Tomcat started on port(s): 8081 (http) with context path ''
2021-03-02 10:22:33.115  INFO 15220 --- [main] d.s.w.p.DocumentationPluginsBootstrapper : Context refreshed
2021-03-02 10:22:33.173  INFO 15220 --- [main] d.s.w.p.DocumentationPluginsBootstrapper : Found 1 custom documentation plugin(s)
2021-03-02 10:22:33.278  INFO 15220 --- [main] s.d.s.w.s.ApiListingReferenceScanner     : Scanning for api listing references
2021-03-02 10:22:33.878  INFO 15220 --- [main] .d.s.w.r.o.CachingOperationNameGenerator : Generating unique operation named: getAllByStatusUsingGET_1
2021-03-02 10:22:33.984  INFO 15220 --- [main] .d.s.w.r.o.CachingOperationNameGenerator : Generating unique operation named: getAllByStatusUsingGET_2
2021-03-02 10:22:34.447  INFO 15220 --- [RMI TCP Connection(1)-127.0.0.1] o.a.c.c.C.[Tomcat].[localhost].[/]       : Initializing Spring DispatcherServlet 'dispatcherServlet'
2021-03-02 10:22:34.447  INFO 15220 --- [RMI TCP Connection(1)-127.0.0.1] o.s.web.servlet.DispatcherServlet        : Initializing Servlet 'dispatcherServlet'
2021-03-02 10:22:34.467  INFO 15220 --- [RMI TCP Connection(1)-127.0.0.1] o.s.web.servlet.DispatcherServlet        : Completed initialization in 19 ms
2021-03-02 10:22:34.830  INFO 15220 --- [main] .d.s.w.r.o.CachingOperationNameGenerator : Generating unique operation named: getAllByStatusUsingGET_3
2021-03-02 10:22:34.879  INFO 15220 --- [main] .d.s.w.r.o.CachingOperationNameGenerator : Generating unique operation named: getAllByStatusUsingGET_4
2021-03-02 10:22:34.967  INFO 15220 --- [main] .d.s.w.r.o.CachingOperationNameGenerator : Generating unique operation named: getAllByStatusUsingGET_5
2021-03-02 10:22:35.320  INFO 15220 --- [main] .d.s.w.r.o.CachingOperationNameGenerator : Generating unique operation named: getAllActivityMastersUsingGET_1
2021-03-02 10:22:35.365  INFO 15220 --- [main] .d.s.w.r.o.CachingOperationNameGenerator : Generating unique operation named: getCustomerSalesPersonRelationListBySalesPersonIdUsingGET_1
2021-03-02 10:22:35.374  INFO 15220 --- [main] .d.s.w.r.o.CachingOperationNameGenerator : Generating unique operation named: getExpenseBetweenUsingGET_1
2021-03-02 10:22:35.520  INFO 15220 --- [main] .d.s.w.r.o.CachingOperationNameGenerator : Generating unique operation named: getAllByStatusUsingGET_6
2021-03-02 10:22:35.634  INFO 15220 --- [main] i.o.m.SpringBootBoilerplateApplication   : Started SpringBootBoilerplateApplication in 27.032 seconds (JVM running for 45.777)
2021-03-02 10:23:54.379  INFO 15220 --- [http-nio-8081-exec-2] i.o.mgmt.security.jwt.JwtTokenService    :  increpe@gmail.com has successfully logged in!
2021-03-02 10:24:15.357  INFO 15220 --- [http-nio-8081-exec-5] i.o.m.s.jwt.JwtAuthenticationFilter      : Authentication successful. Logged in username : increpe@gmail.com 
2021-03-02 10:24:15.369  INFO 15220 --- [http-nio-8081-exec-6] i.o.m.s.jwt.JwtAuthenticationFilter      : Authentication successful. Logged in username : increpe@gmail.com 
2021-03-02 10:24:18.862  INFO 15220 --- [http-nio-8081-exec-8] i.o.m.s.jwt.JwtAuthenticationFilter      : Authentication successful. Logged in username : increpe@gmail.com 
2021-03-02 10:40:00.883  INFO 15220 --- [http-nio-8081-exec-1] i.o.m.s.jwt.JwtAuthenticationFilter      : Authentication successful. Logged in username : increpe@gmail.com 
2021-03-02 10:40:00.903  INFO 15220 --- [http-nio-8081-exec-2] i.o.m.s.jwt.JwtAuthenticationFilter      : Authentication successful. Logged in username : increpe@gmail.com 
2021-03-02 10:40:13.669  INFO 15220 --- [http-nio-8081-exec-3] i.o.m.s.jwt.JwtAuthenticationFilter      : Authentication successful. Logged in username : increpe@gmail.com 
2021-03-02 10:47:06.770  INFO 15220 --- [http-nio-8081-exec-6] i.o.m.s.jwt.JwtAuthenticationFilter      : Authentication successful. Logged in username : increpe@gmail.com 
2021-03-02 10:47:06.777  INFO 15220 --- [http-nio-8081-exec-7] i.o.m.s.jwt.JwtAuthenticationFilter      : Authentication successful. Logged in username : increpe@gmail.com 
2021-03-02 10:47:22.625  INFO 15220 --- [http-nio-8081-exec-8] i.o.m.s.jwt.JwtAuthenticationFilter      : Authentication successful. Logged in username : increpe@gmail.com 
2021-03-02 10:47:22.657  INFO 15220 --- [http-nio-8081-exec-9] i.o.m.s.jwt.JwtAuthenticationFilter      : Authentication successful. Logged in username : increpe@gmail.com 
2021-03-02 10:47:25.243  INFO 15220 --- [http-nio-8081-exec-10] i.o.m.s.jwt.JwtAuthenticationFilter      : Authentication successful. Logged in username : increpe@gmail.com 
2021-03-02 10:48:16.199  INFO 15220 --- [http-nio-8081-exec-1] i.o.m.s.jwt.JwtAuthenticationFilter      : Authentication successful. Logged in username : increpe@gmail.com 
2021-03-02 10:48:16.213  INFO 15220 --- [http-nio-8081-exec-2] i.o.m.s.jwt.JwtAuthenticationFilter      : Authentication successful. Logged in username : increpe@gmail.com 
2021-03-02 10:48:19.144  INFO 15220 --- [http-nio-8081-exec-3] i.o.m.s.jwt.JwtAuthenticationFilter      : Authentication successful. Logged in username : increpe@gmail.com 
2021-03-02 10:49:42.361  INFO 15220 --- [http-nio-8081-exec-6] i.o.m.s.jwt.JwtAuthenticationFilter      : Authentication successful. Logged in username : increpe@gmail.com 
2021-03-02 10:49:42.362  INFO 15220 --- [http-nio-8081-exec-7] i.o.m.s.jwt.JwtAuthenticationFilter      : Authentication successful. Logged in username : increpe@gmail.com 
2021-03-02 10:49:45.144  INFO 15220 --- [http-nio-8081-exec-8] i.o.m.s.jwt.JwtAuthenticationFilter      : Authentication successful. Logged in username : increpe@gmail.com 
2021-03-02 10:50:41.614  INFO 15220 --- [http-nio-8081-exec-9] i.o.m.s.jwt.JwtAuthenticationFilter      : Authentication successful. Logged in username : increpe@gmail.com 
2021-03-02 10:50:41.633  INFO 15220 --- [http-nio-8081-exec-10] i.o.m.s.jwt.JwtAuthenticationFilter      : Authentication successful. Logged in username : increpe@gmail.com 
2021-03-02 10:50:44.711  INFO 15220 --- [http-nio-8081-exec-1] i.o.m.s.jwt.JwtAuthenticationFilter      : Authentication successful. Logged in username : increpe@gmail.com 
2021-03-02 10:50:46.343  INFO 15220 --- [http-nio-8081-exec-2] i.o.m.s.jwt.JwtAuthenticationFilter      : Authentication successful. Logged in username : increpe@gmail.com 
2021-03-02 10:50:47.864  INFO 15220 --- [http-nio-8081-exec-3] i.o.m.s.jwt.JwtAuthenticationFilter      : Authentication successful. Logged in username : increpe@gmail.com 
2021-03-02 10:50:49.815  INFO 15220 --- [http-nio-8081-exec-4] i.o.m.s.jwt.JwtAuthenticationFilter      : Authentication successful. Logged in username : increpe@gmail.com 
2021-03-02 10:50:50.503  INFO 15220 --- [http-nio-8081-exec-5] i.o.m.s.jwt.JwtAuthenticationFilter      : Authentication successful. Logged in username : increpe@gmail.com 
2021-03-02 10:50:51.669  INFO 15220 --- [http-nio-8081-exec-6] i.o.m.s.jwt.JwtAuthenticationFilter      : Authentication successful. Logged in username : increpe@gmail.com 
2021-03-02 10:50:52.895  INFO 15220 --- [http-nio-8081-exec-7] i.o.m.s.jwt.JwtAuthenticationFilter      : Authentication successful. Logged in username : increpe@gmail.com 
2021-03-02 10:50:54.839  INFO 15220 --- [http-nio-8081-exec-8] i.o.m.s.jwt.JwtAuthenticationFilter      : Authentication successful. Logged in username : increpe@gmail.com 
2021-03-02 10:51:59.937  INFO 15220 --- [http-nio-8081-exec-1] i.o.m.s.jwt.JwtAuthenticationFilter      : Authentication successful. Logged in username : increpe@gmail.com 
2021-03-02 10:51:59.973  INFO 15220 --- [http-nio-8081-exec-2] i.o.m.s.jwt.JwtAuthenticationFilter      : Authentication successful. Logged in username : increpe@gmail.com 
2021-03-02 10:52:02.858  INFO 15220 --- [http-nio-8081-exec-3] i.o.m.s.jwt.JwtAuthenticationFilter      : Authentication successful. Logged in username : increpe@gmail.com 
2021-03-02 10:56:02.921  INFO 15220 --- [http-nio-8081-exec-7] i.o.m.s.jwt.JwtAuthenticationFilter      : Authentication successful. Logged in username : increpe@gmail.com 
2021-03-02 10:56:02.937  INFO 15220 --- [http-nio-8081-exec-9] i.o.m.s.jwt.JwtAuthenticationFilter      : Authentication successful. Logged in username : increpe@gmail.com 
2021-03-02 10:56:57.930  INFO 15220 --- [http-nio-8081-exec-10] i.o.m.s.jwt.JwtAuthenticationFilter      : Authentication successful. Logged in username : increpe@gmail.com 
2021-03-02 10:56:57.980  INFO 15220 --- [http-nio-8081-exec-1] i.o.m.s.jwt.JwtAuthenticationFilter      : Authentication successful. Logged in username : increpe@gmail.com 
2021-03-02 10:57:33.248  INFO 15220 --- [http-nio-8081-exec-2] i.o.m.s.jwt.JwtAuthenticationFilter      : Authentication successful. Logged in username : increpe@gmail.com 
2021-03-02 10:57:33.292  INFO 15220 --- [http-nio-8081-exec-3] i.o.m.s.jwt.JwtAuthenticationFilter      : Authentication successful. Logged in username : increpe@gmail.com 
2021-03-02 10:59:23.613  INFO 15220 --- [http-nio-8081-exec-6] i.o.m.s.jwt.JwtAuthenticationFilter      : Authentication successful. Logged in username : increpe@gmail.com 
2021-03-02 10:59:23.636  INFO 15220 --- [http-nio-8081-exec-8] i.o.m.s.jwt.JwtAuthenticationFilter      : Authentication successful. Logged in username : increpe@gmail.com 
2021-03-02 10:59:29.553  INFO 15220 --- [http-nio-8081-exec-7] i.o.m.s.jwt.JwtAuthenticationFilter      : Authentication successful. Logged in username : increpe@gmail.com 
2021-03-02 10:59:29.574  INFO 15220 --- [http-nio-8081-exec-9] i.o.m.s.jwt.JwtAuthenticationFilter      : Authentication successful. Logged in username : increpe@gmail.com 
2021-03-02 10:59:34.973  INFO 15220 --- [http-nio-8081-exec-10] i.o.m.s.jwt.JwtAuthenticationFilter      : Authentication successful. Logged in username : increpe@gmail.com 
2021-03-02 10:59:35.465  INFO 15220 --- [http-nio-8081-exec-1] i.o.m.s.jwt.JwtAuthenticationFilter      : Authentication successful. Logged in username : increpe@gmail.com 
2021-03-02 10:59:43.236  INFO 15220 --- [http-nio-8081-exec-3] i.o.m.s.jwt.JwtAuthenticationFilter      : Authentication successful. Logged in username : increpe@gmail.com 
2021-03-02 10:59:52.437  INFO 15220 --- [http-nio-8081-exec-5] i.o.m.s.jwt.JwtAuthenticationFilter      : Authentication successful. Logged in username : increpe@gmail.com 
2021-03-02 10:59:52.561  INFO 15220 --- [http-nio-8081-exec-4] i.o.m.s.jwt.JwtAuthenticationFilter      : Authentication successful. Logged in username : increpe@gmail.com 
2021-03-02 10:59:56.692  INFO 15220 --- [http-nio-8081-exec-6] i.o.m.s.jwt.JwtAuthenticationFilter      : Authentication successful. Logged in username : increpe@gmail.com 
2021-03-02 11:36:09.970  INFO 15220 --- [http-nio-8081-exec-10] i.o.m.s.jwt.JwtAuthenticationFilter      : Authentication successful. Logged in username : increpe@gmail.com 
2021-03-02 11:36:53.646  INFO 15220 --- [http-nio-8081-exec-1] i.o.m.s.jwt.JwtAuthenticationFilter      : Authentication successful. Logged in username : increpe@gmail.com 
2021-03-02 11:36:54.422  INFO 15220 --- [http-nio-8081-exec-3] i.o.m.s.jwt.JwtAuthenticationFilter      : Authentication successful. Logged in username : increpe@gmail.com 
2021-03-02 11:38:26.440  INFO 15220 --- [http-nio-8081-exec-6] i.o.m.s.jwt.JwtAuthenticationFilter      : Authentication successful. Logged in username : increpe@gmail.com 
2021-03-02 11:38:26.471  INFO 15220 --- [http-nio-8081-exec-8] i.o.m.s.jwt.JwtAuthenticationFilter      : Authentication successful. Logged in username : increpe@gmail.com 
2021-03-02 11:38:33.248  INFO 15220 --- [http-nio-8081-exec-7] i.o.m.s.jwt.JwtAuthenticationFilter      : Authentication successful. Logged in username : increpe@gmail.com 
2021-03-02 11:38:33.376  INFO 15220 --- [http-nio-8081-exec-9] i.o.m.s.jwt.JwtAuthenticationFilter      : Authentication successful. Logged in username : increpe@gmail.com 
2021-03-02 11:40:28.380  INFO 15220 --- [http-nio-8081-exec-1] i.o.m.s.jwt.JwtAuthenticationFilter      : Authentication successful. Logged in username : increpe@gmail.com 
2021-03-02 11:40:28.666  INFO 15220 --- [http-nio-8081-exec-3] i.o.m.s.jwt.JwtAuthenticationFilter      : Authentication successful. Logged in username : increpe@gmail.com 
2021-03-02 11:40:32.989  INFO 15220 --- [http-nio-8081-exec-4] i.o.m.s.jwt.JwtAuthenticationFilter      : Authentication successful. Logged in username : increpe@gmail.com 
2021-03-02 11:40:33.063  INFO 15220 --- [http-nio-8081-exec-5] i.o.m.s.jwt.JwtAuthenticationFilter      : Authentication successful. Logged in username : increpe@gmail.com 
2021-03-02 11:40:37.233  INFO 15220 --- [http-nio-8081-exec-8] i.o.m.s.jwt.JwtAuthenticationFilter      : Authentication successful. Logged in username : increpe@gmail.com 
2021-03-02 11:42:15.971  INFO 15220 --- [http-nio-8081-exec-2] i.o.m.s.jwt.JwtAuthenticationFilter      : Authentication successful. Logged in username : increpe@gmail.com 
2021-03-02 11:42:16.065  INFO 15220 --- [http-nio-8081-exec-10] i.o.m.s.jwt.JwtAuthenticationFilter      : Authentication successful. Logged in username : increpe@gmail.com 
2021-03-02 11:42:18.794  INFO 15220 --- [http-nio-8081-exec-1] i.o.m.s.jwt.JwtAuthenticationFilter      : Authentication successful. Logged in username : increpe@gmail.com 
2021-03-02 11:44:04.950  INFO 15220 --- [http-nio-8081-exec-5] i.o.m.s.jwt.JwtAuthenticationFilter      : Authentication successful. Logged in username : increpe@gmail.com 
2021-03-02 11:44:04.984  INFO 15220 --- [http-nio-8081-exec-6] i.o.m.s.jwt.JwtAuthenticationFilter      : Authentication successful. Logged in username : increpe@gmail.com 
2021-03-02 11:44:12.649  INFO 15220 --- [http-nio-8081-exec-8] i.o.m.s.jwt.JwtAuthenticationFilter      : Authentication successful. Logged in username : increpe@gmail.com 
2021-03-02 11:44:12.691  INFO 15220 --- [http-nio-8081-exec-7] i.o.m.s.jwt.JwtAuthenticationFilter      : Authentication successful. Logged in username : increpe@gmail.com 
2021-03-02 11:44:26.006  INFO 15220 --- [http-nio-8081-exec-9] i.o.m.s.jwt.JwtAuthenticationFilter      : Authentication successful. Logged in username : increpe@gmail.com 
2021-03-02 11:44:57.006  INFO 15220 --- [http-nio-8081-exec-2] i.o.m.s.jwt.JwtAuthenticationFilter      : Authentication successful. Logged in username : increpe@gmail.com 
2021-03-02 11:44:57.105  INFO 15220 --- [http-nio-8081-exec-10] i.o.m.s.jwt.JwtAuthenticationFilter      : Authentication successful. Logged in username : increpe@gmail.com 
2021-03-02 11:45:03.264  INFO 15220 --- [http-nio-8081-exec-1] i.o.m.s.jwt.JwtAuthenticationFilter      : Authentication successful. Logged in username : increpe@gmail.com 
2021-03-02 11:45:47.311  INFO 15220 --- [http-nio-8081-exec-3] i.o.m.s.jwt.JwtAuthenticationFilter      : Authentication successful. Logged in username : increpe@gmail.com 
2021-03-02 11:45:47.602  INFO 15220 --- [http-nio-8081-exec-4] i.o.m.s.jwt.JwtAuthenticationFilter      : Authentication successful. Logged in username : increpe@gmail.com 
2021-03-02 11:45:57.076  INFO 15220 --- [http-nio-8081-exec-5] i.o.m.s.jwt.JwtAuthenticationFilter      : Authentication successful. Logged in username : increpe@gmail.com 
2021-03-02 11:49:35.083  INFO 15220 --- [http-nio-8081-exec-7] i.o.m.s.jwt.JwtAuthenticationFilter      : Authentication successful. Logged in username : increpe@gmail.com 
2021-03-02 11:49:35.095  INFO 15220 --- [http-nio-8081-exec-9] i.o.m.s.jwt.JwtAuthenticationFilter      : Authentication successful. Logged in username : increpe@gmail.com 
2021-03-02 11:50:10.993  INFO 15220 --- [http-nio-8081-exec-2] i.o.m.s.jwt.JwtAuthenticationFilter      : Authentication successful. Logged in username : increpe@gmail.com 
2021-03-02 11:50:11.009  INFO 15220 --- [http-nio-8081-exec-10] i.o.m.s.jwt.JwtAuthenticationFilter      : Authentication successful. Logged in username : increpe@gmail.com 
2021-03-02 11:50:43.135  INFO 15220 --- [http-nio-8081-exec-1] i.o.m.s.jwt.JwtAuthenticationFilter      : Authentication successful. Logged in username : increpe@gmail.com 
2021-03-02 11:50:43.395  INFO 15220 --- [http-nio-8081-exec-3] i.o.m.s.jwt.JwtAuthenticationFilter      : Authentication successful. Logged in username : increpe@gmail.com 
2021-03-02 11:52:16.732  INFO 15220 --- [http-nio-8081-exec-6] i.o.m.s.jwt.JwtAuthenticationFilter      : Authentication successful. Logged in username : increpe@gmail.com 
2021-03-02 11:52:16.914  INFO 15220 --- [http-nio-8081-exec-8] i.o.m.s.jwt.JwtAuthenticationFilter      : Authentication successful. Logged in username : increpe@gmail.com 
2021-03-02 11:55:18.331  INFO 15220 --- [http-nio-8081-exec-2] i.o.m.s.jwt.JwtAuthenticationFilter      : Authentication successful. Logged in username : increpe@gmail.com 
2021-03-02 11:55:18.356  INFO 15220 --- [http-nio-8081-exec-10] i.o.m.s.jwt.JwtAuthenticationFilter      : Authentication successful. Logged in username : increpe@gmail.com 
2021-03-02 12:00:34.044  INFO 15220 --- [http-nio-8081-exec-5] i.o.m.s.jwt.JwtAuthenticationFilter      : Authentication successful. Logged in username : increpe@gmail.com 
2021-03-02 12:00:34.074  INFO 15220 --- [http-nio-8081-exec-4] i.o.m.s.jwt.JwtAuthenticationFilter      : Authentication successful. Logged in username : increpe@gmail.com 
2021-03-02 12:00:51.388  INFO 15220 --- [http-nio-8081-exec-8] i.o.m.s.jwt.JwtAuthenticationFilter      : Authentication successful. Logged in username : increpe@gmail.com 
2021-03-02 12:00:52.218 ERROR 15220 --- [http-nio-8081-exec-8] o.a.c.c.C.[.[.[/].[dispatcherServlet]    : Servlet.service() for servlet [dispatcherServlet] in context with path [] threw exception [Request processing failed; nested exception is java.lang.NumberFormatException: For input string: "YYYY"] with root cause

java.lang.NumberFormatException: For input string: "YYYY"
	at java.base/java.lang.NumberFormatException.forInputString(NumberFormatException.java:68) ~[na:na]
	at java.base/java.lang.Integer.parseInt(Integer.java:652) ~[na:na]
	at java.base/java.lang.Integer.parseInt(Integer.java:770) ~[na:na]
	at increpe.order.mgmt.service.ExpensesService.getExpensesForMonth(ExpensesService.java:42) ~[classes/:na]
	at increpe.order.mgmt.controller.TraderController.getExpenseBetween(TraderController.java:236) ~[classes/:na]
	at jdk.internal.reflect.GeneratedMethodAccessor278.invoke(Unknown Source) ~[na:na]
	at java.base/jdk.internal.reflect.DelegatingMethodAccessorImpl.invoke(DelegatingMethodAccessorImpl.java:43) ~[na:na]
	at java.base/java.lang.reflect.Method.invoke(Method.java:564) ~[na:na]
	at org.springframework.web.method.support.InvocableHandlerMethod.doInvoke(InvocableHandlerMethod.java:190) ~[spring-web-5.2.8.RELEASE.jar:5.2.8.RELEASE]
	at org.springframework.web.method.support.InvocableHandlerMethod.invokeForRequest(InvocableHandlerMethod.java:138) ~[spring-web-5.2.8.RELEASE.jar:5.2.8.RELEASE]
	at org.springframework.web.servlet.mvc.method.annotation.ServletInvocableHandlerMethod.invokeAndHandle(ServletInvocableHandlerMethod.java:105) ~[spring-webmvc-5.2.8.RELEASE.jar:5.2.8.RELEASE]
	at org.springframework.web.servlet.mvc.method.annotation.RequestMappingHandlerAdapter.invokeHandlerMethod(RequestMappingHandlerAdapter.java:878) ~[spring-webmvc-5.2.8.RELEASE.jar:5.2.8.RELEASE]
	at org.springframework.web.servlet.mvc.method.annotation.RequestMappingHandlerAdapter.handleInternal(RequestMappingHandlerAdapter.java:792) ~[spring-webmvc-5.2.8.RELEASE.jar:5.2.8.RELEASE]
	at org.springframework.web.servlet.mvc.method.AbstractHandlerMethodAdapter.handle(AbstractHandlerMethodAdapter.java:87) ~[spring-webmvc-5.2.8.RELEASE.jar:5.2.8.RELEASE]
	at org.springframework.web.servlet.DispatcherServlet.doDispatch(DispatcherServlet.java:1040) ~[spring-webmvc-5.2.8.RELEASE.jar:5.2.8.RELEASE]
	at org.springframework.web.servlet.DispatcherServlet.doService(DispatcherServlet.java:943) ~[spring-webmvc-5.2.8.RELEASE.jar:5.2.8.RELEASE]
	at org.springframework.web.servlet.FrameworkServlet.processRequest(FrameworkServlet.java:1006) ~[spring-webmvc-5.2.8.RELEASE.jar:5.2.8.RELEASE]
	at org.springframework.web.servlet.FrameworkServlet.doGet(FrameworkServlet.java:898) ~[spring-webmvc-5.2.8.RELEASE.jar:5.2.8.RELEASE]
	at javax.servlet.http.HttpServlet.service(HttpServlet.java:626) ~[tomcat-embed-core-9.0.37.jar:4.0.FR]
	at org.springframework.web.servlet.FrameworkServlet.service(FrameworkServlet.java:883) ~[spring-webmvc-5.2.8.RELEASE.jar:5.2.8.RELEASE]
	at javax.servlet.http.HttpServlet.service(HttpServlet.java:733) ~[tomcat-embed-core-9.0.37.jar:4.0.FR]
	at org.apache.catalina.core.ApplicationFilterChain.internalDoFilter(ApplicationFilterChain.java:231) ~[tomcat-embed-core-9.0.37.jar:9.0.37]
	at org.apache.catalina.core.ApplicationFilterChain.doFilter(ApplicationFilterChain.java:166) ~[tomcat-embed-core-9.0.37.jar:9.0.37]
	at org.apache.tomcat.websocket.server.WsFilter.doFilter(WsFilter.java:53) ~[tomcat-embed-websocket-9.0.37.jar:9.0.37]
	at org.apache.catalina.core.ApplicationFilterChain.internalDoFilter(ApplicationFilterChain.java:193) ~[tomcat-embed-core-9.0.37.jar:9.0.37]
	at org.apache.catalina.core.ApplicationFilterChain.doFilter(ApplicationFilterChain.java:166) ~[tomcat-embed-core-9.0.37.jar:9.0.37]
	at org.springframework.web.filter.OncePerRequestFilter.doFilter(OncePerRequestFilter.java:113) ~[spring-web-5.2.8.RELEASE.jar:5.2.8.RELEASE]
	at org.apache.catalina.core.ApplicationFilterChain.internalDoFilter(ApplicationFilterChain.java:193) ~[tomcat-embed-core-9.0.37.jar:9.0.37]
	at org.apache.catalina.core.ApplicationFilterChain.doFilter(ApplicationFilterChain.java:166) ~[tomcat-embed-core-9.0.37.jar:9.0.37]
	at org.springframework.security.web.FilterChainProxy$VirtualFilterChain.doFilter(FilterChainProxy.java:320) ~[spring-security-web-5.3.4.RELEASE.jar:5.3.4.RELEASE]
	at org.springframework.security.web.access.intercept.FilterSecurityInterceptor.invoke(FilterSecurityInterceptor.java:126) ~[spring-security-web-5.3.4.RELEASE.jar:5.3.4.RELEASE]
	at org.springframework.security.web.access.intercept.FilterSecurityInterceptor.doFilter(FilterSecurityInterceptor.java:90) ~[spring-security-web-5.3.4.RELEASE.jar:5.3.4.RELEASE]
	at org.springframework.security.web.FilterChainProxy$VirtualFilterChain.doFilter(FilterChainProxy.java:334) ~[spring-security-web-5.3.4.RELEASE.jar:5.3.4.RELEASE]
	at org.springframework.security.web.access.ExceptionTranslationFilter.doFilter(ExceptionTranslationFilter.java:118) ~[spring-security-web-5.3.4.RELEASE.jar:5.3.4.RELEASE]
	at org.springframework.security.web.FilterChainProxy$VirtualFilterChain.doFilter(FilterChainProxy.java:334) ~[spring-security-web-5.3.4.RELEASE.jar:5.3.4.RELEASE]
	at org.springframework.security.web.session.SessionManagementFilter.doFilter(SessionManagementFilter.java:137) ~[spring-security-web-5.3.4.RELEASE.jar:5.3.4.RELEASE]
	at org.springframework.security.web.FilterChainProxy$VirtualFilterChain.doFilter(FilterChainProxy.java:334) ~[spring-security-web-5.3.4.RELEASE.jar:5.3.4.RELEASE]
	at org.springframework.security.web.authentication.AnonymousAuthenticationFilter.doFilter(AnonymousAuthenticationFilter.java:111) ~[spring-security-web-5.3.4.RELEASE.jar:5.3.4.RELEASE]
	at org.springframework.security.web.FilterChainProxy$VirtualFilterChain.doFilter(FilterChainProxy.java:334) ~[spring-security-web-5.3.4.RELEASE.jar:5.3.4.RELEASE]
	at org.springframework.security.web.servletapi.SecurityContextHolderAwareRequestFilter.doFilter(SecurityContextHolderAwareRequestFilter.java:158) ~[spring-security-web-5.3.4.RELEASE.jar:5.3.4.RELEASE]
	at org.springframework.security.web.FilterChainProxy$VirtualFilterChain.doFilter(FilterChainProxy.java:334) ~[spring-security-web-5.3.4.RELEASE.jar:5.3.4.RELEASE]
	at org.springframework.security.web.savedrequest.RequestCacheAwareFilter.doFilter(RequestCacheAwareFilter.java:63) ~[spring-security-web-5.3.4.RELEASE.jar:5.3.4.RELEASE]
	at org.springframework.security.web.FilterChainProxy$VirtualFilterChain.doFilter(FilterChainProxy.java:334) ~[spring-security-web-5.3.4.RELEASE.jar:5.3.4.RELEASE]
	at increpe.order.mgmt.security.jwt.JwtAuthenticationFilter.doFilterInternal(JwtAuthenticationFilter.java:94) ~[classes/:na]
	at org.springframework.web.filter.OncePerRequestFilter.doFilter(OncePerRequestFilter.java:119) ~[spring-web-5.2.8.RELEASE.jar:5.2.8.RELEASE]
	at org.springframework.security.web.FilterChainProxy$VirtualFilterChain.doFilter(FilterChainProxy.java:334) ~[spring-security-web-5.3.4.RELEASE.jar:5.3.4.RELEASE]
	at org.springframework.security.web.authentication.logout.LogoutFilter.doFilter(LogoutFilter.java:116) ~[spring-security-web-5.3.4.RELEASE.jar:5.3.4.RELEASE]
	at org.springframework.security.web.FilterChainProxy$VirtualFilterChain.doFilter(FilterChainProxy.java:334) ~[spring-security-web-5.3.4.RELEASE.jar:5.3.4.RELEASE]
	at org.springframework.web.filter.CorsFilter.doFilterInternal(CorsFilter.java:92) ~[spring-web-5.2.8.RELEASE.jar:5.2.8.RELEASE]
	at org.springframework.web.filter.OncePerRequestFilter.doFilter(OncePerRequestFilter.java:119) ~[spring-web-5.2.8.RELEASE.jar:5.2.8.RELEASE]
	at org.springframework.security.web.FilterChainProxy$VirtualFilterChain.doFilter(FilterChainProxy.java:334) ~[spring-security-web-5.3.4.RELEASE.jar:5.3.4.RELEASE]
	at org.springframework.security.web.header.HeaderWriterFilter.doHeadersAfter(HeaderWriterFilter.java:92) ~[spring-security-web-5.3.4.RELEASE.jar:5.3.4.RELEASE]
	at org.springframework.security.web.header.HeaderWriterFilter.doFilterInternal(HeaderWriterFilter.java:77) ~[spring-security-web-5.3.4.RELEASE.jar:5.3.4.RELEASE]
	at org.springframework.web.filter.OncePerRequestFilter.doFilter(OncePerRequestFilter.java:119) ~[spring-web-5.2.8.RELEASE.jar:5.2.8.RELEASE]
	at org.springframework.security.web.FilterChainProxy$VirtualFilterChain.doFilter(FilterChainProxy.java:334) ~[spring-security-web-5.3.4.RELEASE.jar:5.3.4.RELEASE]
	at org.springframework.security.web.context.SecurityContextPersistenceFilter.doFilter(SecurityContextPersistenceFilter.java:105) ~[spring-security-web-5.3.4.RELEASE.jar:5.3.4.RELEASE]
	at org.springframework.security.web.FilterChainProxy$VirtualFilterChain.doFilter(FilterChainProxy.java:334) ~[spring-security-web-5.3.4.RELEASE.jar:5.3.4.RELEASE]
	at org.springframework.security.web.context.request.async.WebAsyncManagerIntegrationFilter.doFilterInternal(WebAsyncManagerIntegrationFilter.java:56) ~[spring-security-web-5.3.4.RELEASE.jar:5.3.4.RELEASE]
	at org.springframework.web.filter.OncePerRequestFilter.doFilter(OncePerRequestFilter.java:119) ~[spring-web-5.2.8.RELEASE.jar:5.2.8.RELEASE]
	at org.springframework.security.web.FilterChainProxy$VirtualFilterChain.doFilter(FilterChainProxy.java:334) ~[spring-security-web-5.3.4.RELEASE.jar:5.3.4.RELEASE]
	at org.springframework.security.web.FilterChainProxy.doFilterInternal(FilterChainProxy.java:215) ~[spring-security-web-5.3.4.RELEASE.jar:5.3.4.RELEASE]
	at org.springframework.security.web.FilterChainProxy.doFilter(FilterChainProxy.java:178) ~[spring-security-web-5.3.4.RELEASE.jar:5.3.4.RELEASE]
	at org.springframework.web.filter.DelegatingFilterProxy.invokeDelegate(DelegatingFilterProxy.java:358) ~[spring-web-5.2.8.RELEASE.jar:5.2.8.RELEASE]
	at org.springframework.web.filter.DelegatingFilterProxy.doFilter(DelegatingFilterProxy.java:271) ~[spring-web-5.2.8.RELEASE.jar:5.2.8.RELEASE]
	at org.apache.catalina.core.ApplicationFilterChain.internalDoFilter(ApplicationFilterChain.java:193) ~[tomcat-embed-core-9.0.37.jar:9.0.37]
	at org.apache.catalina.core.ApplicationFilterChain.doFilter(ApplicationFilterChain.java:166) ~[tomcat-embed-core-9.0.37.jar:9.0.37]
	at org.springframework.web.filter.RequestContextFilter.doFilterInternal(RequestContextFilter.java:100) ~[spring-web-5.2.8.RELEASE.jar:5.2.8.RELEASE]
	at org.springframework.web.filter.OncePerRequestFilter.doFilter(OncePerRequestFilter.java:119) ~[spring-web-5.2.8.RELEASE.jar:5.2.8.RELEASE]
	at org.apache.catalina.core.ApplicationFilterChain.internalDoFilter(ApplicationFilterChain.java:193) ~[tomcat-embed-core-9.0.37.jar:9.0.37]
	at org.apache.catalina.core.ApplicationFilterChain.doFilter(ApplicationFilterChain.java:166) ~[tomcat-embed-core-9.0.37.jar:9.0.37]
	at org.springframework.web.filter.FormContentFilter.doFilterInternal(FormContentFilter.java:93) ~[spring-web-5.2.8.RELEASE.jar:5.2.8.RELEASE]
	at org.springframework.web.filter.OncePerRequestFilter.doFilter(OncePerRequestFilter.java:119) ~[spring-web-5.2.8.RELEASE.jar:5.2.8.RELEASE]
	at org.apache.catalina.core.ApplicationFilterChain.internalDoFilter(ApplicationFilterChain.java:193) ~[tomcat-embed-core-9.0.37.jar:9.0.37]
	at org.apache.catalina.core.ApplicationFilterChain.doFilter(ApplicationFilterChain.java:166) ~[tomcat-embed-core-9.0.37.jar:9.0.37]
	at org.springframework.boot.actuate.metrics.web.servlet.WebMvcMetricsFilter.doFilterInternal(WebMvcMetricsFilter.java:93) ~[spring-boot-actuator-2.3.3.RELEASE.jar:2.3.3.RELEASE]
	at org.springframework.web.filter.OncePerRequestFilter.doFilter(OncePerRequestFilter.java:119) ~[spring-web-5.2.8.RELEASE.jar:5.2.8.RELEASE]
	at org.apache.catalina.core.ApplicationFilterChain.internalDoFilter(ApplicationFilterChain.java:193) ~[tomcat-embed-core-9.0.37.jar:9.0.37]
	at org.apache.catalina.core.ApplicationFilterChain.doFilter(ApplicationFilterChain.java:166) ~[tomcat-embed-core-9.0.37.jar:9.0.37]
	at org.springframework.web.filter.CharacterEncodingFilter.doFilterInternal(CharacterEncodingFilter.java:201) ~[spring-web-5.2.8.RELEASE.jar:5.2.8.RELEASE]
	at org.springframework.web.filter.OncePerRequestFilter.doFilter(OncePerRequestFilter.java:119) ~[spring-web-5.2.8.RELEASE.jar:5.2.8.RELEASE]
	at org.apache.catalina.core.ApplicationFilterChain.internalDoFilter(ApplicationFilterChain.java:193) ~[tomcat-embed-core-9.0.37.jar:9.0.37]
	at org.apache.catalina.core.ApplicationFilterChain.doFilter(ApplicationFilterChain.java:166) ~[tomcat-embed-core-9.0.37.jar:9.0.37]
	at org.apache.catalina.core.StandardWrapperValve.invoke(StandardWrapperValve.java:202) ~[tomcat-embed-core-9.0.37.jar:9.0.37]
	at org.apache.catalina.core.StandardContextValve.invoke(StandardContextValve.java:96) ~[tomcat-embed-core-9.0.37.jar:9.0.37]
	at org.apache.catalina.authenticator.AuthenticatorBase.invoke(AuthenticatorBase.java:541) ~[tomcat-embed-core-9.0.37.jar:9.0.37]
	at org.apache.catalina.core.StandardHostValve.invoke(StandardHostValve.java:139) ~[tomcat-embed-core-9.0.37.jar:9.0.37]
	at org.apache.catalina.valves.ErrorReportValve.invoke(ErrorReportValve.java:92) ~[tomcat-embed-core-9.0.37.jar:9.0.37]
	at org.apache.catalina.core.StandardEngineValve.invoke(StandardEngineValve.java:74) ~[tomcat-embed-core-9.0.37.jar:9.0.37]
	at org.apache.catalina.connector.CoyoteAdapter.service(CoyoteAdapter.java:343) ~[tomcat-embed-core-9.0.37.jar:9.0.37]
	at org.apache.coyote.http11.Http11Processor.service(Http11Processor.java:373) ~[tomcat-embed-core-9.0.37.jar:9.0.37]
	at org.apache.coyote.AbstractProcessorLight.process(AbstractProcessorLight.java:65) ~[tomcat-embed-core-9.0.37.jar:9.0.37]
	at org.apache.coyote.AbstractProtocol$ConnectionHandler.process(AbstractProtocol.java:868) ~[tomcat-embed-core-9.0.37.jar:9.0.37]
	at org.apache.tomcat.util.net.NioEndpoint$SocketProcessor.doRun(NioEndpoint.java:1589) ~[tomcat-embed-core-9.0.37.jar:9.0.37]
	at org.apache.tomcat.util.net.SocketProcessorBase.run(SocketProcessorBase.java:49) ~[tomcat-embed-core-9.0.37.jar:9.0.37]
	at java.base/java.util.concurrent.ThreadPoolExecutor.runWorker(ThreadPoolExecutor.java:1130) ~[na:na]
	at java.base/java.util.concurrent.ThreadPoolExecutor$Worker.run(ThreadPoolExecutor.java:630) ~[na:na]
	at org.apache.tomcat.util.threads.TaskThread$WrappingRunnable.run(TaskThread.java:61) ~[tomcat-embed-core-9.0.37.jar:9.0.37]
	at java.base/java.lang.Thread.run(Thread.java:832) ~[na:na]

2021-03-02 12:02:15.118  INFO 15220 --- [http-nio-8081-exec-7] i.o.m.s.jwt.JwtAuthenticationFilter      : Authentication successful. Logged in username : increpe@gmail.com 
2021-03-02 12:02:15.236  INFO 15220 --- [http-nio-8081-exec-2] i.o.m.s.jwt.JwtAuthenticationFilter      : Authentication successful. Logged in username : increpe@gmail.com 
2021-03-02 12:02:18.709  INFO 15220 --- [http-nio-8081-exec-10] i.o.m.s.jwt.JwtAuthenticationFilter      : Authentication successful. Logged in username : increpe@gmail.com 
2021-03-02 12:03:30.177  INFO 15220 --- [http-nio-8081-exec-5] i.o.m.s.jwt.JwtAuthenticationFilter      : Authentication successful. Logged in username : increpe@gmail.com 
2021-03-02 12:03:30.204  INFO 15220 --- [http-nio-8081-exec-4] i.o.m.s.jwt.JwtAuthenticationFilter      : Authentication successful. Logged in username : increpe@gmail.com 
2021-03-02 12:03:38.909  INFO 15220 --- [http-nio-8081-exec-8] i.o.m.s.jwt.JwtAuthenticationFilter      : Authentication successful. Logged in username : increpe@gmail.com 
2021-03-02 12:03:38.953 ERROR 15220 --- [http-nio-8081-exec-8] o.a.c.c.C.[.[.[/].[dispatcherServlet]    : Servlet.service() for servlet [dispatcherServlet] in context with path [] threw exception [Request processing failed; nested exception is java.lang.IllegalArgumentException: No enum constant java.time.Month.February] with root cause

java.lang.IllegalArgumentException: No enum constant java.time.Month.February
	at java.base/java.lang.Enum.valueOf(Enum.java:273) ~[na:na]
	at java.base/java.time.Month.valueOf(Month.java:106) ~[na:na]
	at increpe.order.mgmt.service.ExpensesService.getExpensesForMonth(ExpensesService.java:44) ~[classes/:na]
	at increpe.order.mgmt.controller.TraderController.getExpenseBetween(TraderController.java:236) ~[classes/:na]
	at jdk.internal.reflect.GeneratedMethodAccessor278.invoke(Unknown Source) ~[na:na]
	at java.base/jdk.internal.reflect.DelegatingMethodAccessorImpl.invoke(DelegatingMethodAccessorImpl.java:43) ~[na:na]
	at java.base/java.lang.reflect.Method.invoke(Method.java:564) ~[na:na]
	at org.springframework.web.method.support.InvocableHandlerMethod.doInvoke(InvocableHandlerMethod.java:190) ~[spring-web-5.2.8.RELEASE.jar:5.2.8.RELEASE]
	at org.springframework.web.method.support.InvocableHandlerMethod.invokeForRequest(InvocableHandlerMethod.java:138) ~[spring-web-5.2.8.RELEASE.jar:5.2.8.RELEASE]
	at org.springframework.web.servlet.mvc.method.annotation.ServletInvocableHandlerMethod.invokeAndHandle(ServletInvocableHandlerMethod.java:105) ~[spring-webmvc-5.2.8.RELEASE.jar:5.2.8.RELEASE]
	at org.springframework.web.servlet.mvc.method.annotation.RequestMappingHandlerAdapter.invokeHandlerMethod(RequestMappingHandlerAdapter.java:878) ~[spring-webmvc-5.2.8.RELEASE.jar:5.2.8.RELEASE]
	at org.springframework.web.servlet.mvc.method.annotation.RequestMappingHandlerAdapter.handleInternal(RequestMappingHandlerAdapter.java:792) ~[spring-webmvc-5.2.8.RELEASE.jar:5.2.8.RELEASE]
	at org.springframework.web.servlet.mvc.method.AbstractHandlerMethodAdapter.handle(AbstractHandlerMethodAdapter.java:87) ~[spring-webmvc-5.2.8.RELEASE.jar:5.2.8.RELEASE]
	at org.springframework.web.servlet.DispatcherServlet.doDispatch(DispatcherServlet.java:1040) ~[spring-webmvc-5.2.8.RELEASE.jar:5.2.8.RELEASE]
	at org.springframework.web.servlet.DispatcherServlet.doService(DispatcherServlet.java:943) ~[spring-webmvc-5.2.8.RELEASE.jar:5.2.8.RELEASE]
	at org.springframework.web.servlet.FrameworkServlet.processRequest(FrameworkServlet.java:1006) ~[spring-webmvc-5.2.8.RELEASE.jar:5.2.8.RELEASE]
	at org.springframework.web.servlet.FrameworkServlet.doGet(FrameworkServlet.java:898) ~[spring-webmvc-5.2.8.RELEASE.jar:5.2.8.RELEASE]
	at javax.servlet.http.HttpServlet.service(HttpServlet.java:626) ~[tomcat-embed-core-9.0.37.jar:4.0.FR]
	at org.springframework.web.servlet.FrameworkServlet.service(FrameworkServlet.java:883) ~[spring-webmvc-5.2.8.RELEASE.jar:5.2.8.RELEASE]
	at javax.servlet.http.HttpServlet.service(HttpServlet.java:733) ~[tomcat-embed-core-9.0.37.jar:4.0.FR]
	at org.apache.catalina.core.ApplicationFilterChain.internalDoFilter(ApplicationFilterChain.java:231) ~[tomcat-embed-core-9.0.37.jar:9.0.37]
	at org.apache.catalina.core.ApplicationFilterChain.doFilter(ApplicationFilterChain.java:166) ~[tomcat-embed-core-9.0.37.jar:9.0.37]
	at org.apache.tomcat.websocket.server.WsFilter.doFilter(WsFilter.java:53) ~[tomcat-embed-websocket-9.0.37.jar:9.0.37]
	at org.apache.catalina.core.ApplicationFilterChain.internalDoFilter(ApplicationFilterChain.java:193) ~[tomcat-embed-core-9.0.37.jar:9.0.37]
	at org.apache.catalina.core.ApplicationFilterChain.doFilter(ApplicationFilterChain.java:166) ~[tomcat-embed-core-9.0.37.jar:9.0.37]
	at org.springframework.web.filter.OncePerRequestFilter.doFilter(OncePerRequestFilter.java:113) ~[spring-web-5.2.8.RELEASE.jar:5.2.8.RELEASE]
	at org.apache.catalina.core.ApplicationFilterChain.internalDoFilter(ApplicationFilterChain.java:193) ~[tomcat-embed-core-9.0.37.jar:9.0.37]
	at org.apache.catalina.core.ApplicationFilterChain.doFilter(ApplicationFilterChain.java:166) ~[tomcat-embed-core-9.0.37.jar:9.0.37]
	at org.springframework.security.web.FilterChainProxy$VirtualFilterChain.doFilter(FilterChainProxy.java:320) ~[spring-security-web-5.3.4.RELEASE.jar:5.3.4.RELEASE]
	at org.springframework.security.web.access.intercept.FilterSecurityInterceptor.invoke(FilterSecurityInterceptor.java:126) ~[spring-security-web-5.3.4.RELEASE.jar:5.3.4.RELEASE]
	at org.springframework.security.web.access.intercept.FilterSecurityInterceptor.doFilter(FilterSecurityInterceptor.java:90) ~[spring-security-web-5.3.4.RELEASE.jar:5.3.4.RELEASE]
	at org.springframework.security.web.FilterChainProxy$VirtualFilterChain.doFilter(FilterChainProxy.java:334) ~[spring-security-web-5.3.4.RELEASE.jar:5.3.4.RELEASE]
	at org.springframework.security.web.access.ExceptionTranslationFilter.doFilter(ExceptionTranslationFilter.java:118) ~[spring-security-web-5.3.4.RELEASE.jar:5.3.4.RELEASE]
	at org.springframework.security.web.FilterChainProxy$VirtualFilterChain.doFilter(FilterChainProxy.java:334) ~[spring-security-web-5.3.4.RELEASE.jar:5.3.4.RELEASE]
	at org.springframework.security.web.session.SessionManagementFilter.doFilter(SessionManagementFilter.java:137) ~[spring-security-web-5.3.4.RELEASE.jar:5.3.4.RELEASE]
	at org.springframework.security.web.FilterChainProxy$VirtualFilterChain.doFilter(FilterChainProxy.java:334) ~[spring-security-web-5.3.4.RELEASE.jar:5.3.4.RELEASE]
	at org.springframework.security.web.authentication.AnonymousAuthenticationFilter.doFilter(AnonymousAuthenticationFilter.java:111) ~[spring-security-web-5.3.4.RELEASE.jar:5.3.4.RELEASE]
	at org.springframework.security.web.FilterChainProxy$VirtualFilterChain.doFilter(FilterChainProxy.java:334) ~[spring-security-web-5.3.4.RELEASE.jar:5.3.4.RELEASE]
	at org.springframework.security.web.servletapi.SecurityContextHolderAwareRequestFilter.doFilter(SecurityContextHolderAwareRequestFilter.java:158) ~[spring-security-web-5.3.4.RELEASE.jar:5.3.4.RELEASE]
	at org.springframework.security.web.FilterChainProxy$VirtualFilterChain.doFilter(FilterChainProxy.java:334) ~[spring-security-web-5.3.4.RELEASE.jar:5.3.4.RELEASE]
	at org.springframework.security.web.savedrequest.RequestCacheAwareFilter.doFilter(RequestCacheAwareFilter.java:63) ~[spring-security-web-5.3.4.RELEASE.jar:5.3.4.RELEASE]
	at org.springframework.security.web.FilterChainProxy$VirtualFilterChain.doFilter(FilterChainProxy.java:334) ~[spring-security-web-5.3.4.RELEASE.jar:5.3.4.RELEASE]
	at increpe.order.mgmt.security.jwt.JwtAuthenticationFilter.doFilterInternal(JwtAuthenticationFilter.java:94) ~[classes/:na]
	at org.springframework.web.filter.OncePerRequestFilter.doFilter(OncePerRequestFilter.java:119) ~[spring-web-5.2.8.RELEASE.jar:5.2.8.RELEASE]
	at org.springframework.security.web.FilterChainProxy$VirtualFilterChain.doFilter(FilterChainProxy.java:334) ~[spring-security-web-5.3.4.RELEASE.jar:5.3.4.RELEASE]
	at org.springframework.security.web.authentication.logout.LogoutFilter.doFilter(LogoutFilter.java:116) ~[spring-security-web-5.3.4.RELEASE.jar:5.3.4.RELEASE]
	at org.springframework.security.web.FilterChainProxy$VirtualFilterChain.doFilter(FilterChainProxy.java:334) ~[spring-security-web-5.3.4.RELEASE.jar:5.3.4.RELEASE]
	at org.springframework.web.filter.CorsFilter.doFilterInternal(CorsFilter.java:92) ~[spring-web-5.2.8.RELEASE.jar:5.2.8.RELEASE]
	at org.springframework.web.filter.OncePerRequestFilter.doFilter(OncePerRequestFilter.java:119) ~[spring-web-5.2.8.RELEASE.jar:5.2.8.RELEASE]
	at org.springframework.security.web.FilterChainProxy$VirtualFilterChain.doFilter(FilterChainProxy.java:334) ~[spring-security-web-5.3.4.RELEASE.jar:5.3.4.RELEASE]
	at org.springframework.security.web.header.HeaderWriterFilter.doHeadersAfter(HeaderWriterFilter.java:92) ~[spring-security-web-5.3.4.RELEASE.jar:5.3.4.RELEASE]
	at org.springframework.security.web.header.HeaderWriterFilter.doFilterInternal(HeaderWriterFilter.java:77) ~[spring-security-web-5.3.4.RELEASE.jar:5.3.4.RELEASE]
	at org.springframework.web.filter.OncePerRequestFilter.doFilter(OncePerRequestFilter.java:119) ~[spring-web-5.2.8.RELEASE.jar:5.2.8.RELEASE]
	at org.springframework.security.web.FilterChainProxy$VirtualFilterChain.doFilter(FilterChainProxy.java:334) ~[spring-security-web-5.3.4.RELEASE.jar:5.3.4.RELEASE]
	at org.springframework.security.web.context.SecurityContextPersistenceFilter.doFilter(SecurityContextPersistenceFilter.java:105) ~[spring-security-web-5.3.4.RELEASE.jar:5.3.4.RELEASE]
	at org.springframework.security.web.FilterChainProxy$VirtualFilterChain.doFilter(FilterChainProxy.java:334) ~[spring-security-web-5.3.4.RELEASE.jar:5.3.4.RELEASE]
	at org.springframework.security.web.context.request.async.WebAsyncManagerIntegrationFilter.doFilterInternal(WebAsyncManagerIntegrationFilter.java:56) ~[spring-security-web-5.3.4.RELEASE.jar:5.3.4.RELEASE]
	at org.springframework.web.filter.OncePerRequestFilter.doFilter(OncePerRequestFilter.java:119) ~[spring-web-5.2.8.RELEASE.jar:5.2.8.RELEASE]
	at org.springframework.security.web.FilterChainProxy$VirtualFilterChain.doFilter(FilterChainProxy.java:334) ~[spring-security-web-5.3.4.RELEASE.jar:5.3.4.RELEASE]
	at org.springframework.security.web.FilterChainProxy.doFilterInternal(FilterChainProxy.java:215) ~[spring-security-web-5.3.4.RELEASE.jar:5.3.4.RELEASE]
	at org.springframework.security.web.FilterChainProxy.doFilter(FilterChainProxy.java:178) ~[spring-security-web-5.3.4.RELEASE.jar:5.3.4.RELEASE]
	at org.springframework.web.filter.DelegatingFilterProxy.invokeDelegate(DelegatingFilterProxy.java:358) ~[spring-web-5.2.8.RELEASE.jar:5.2.8.RELEASE]
	at org.springframework.web.filter.DelegatingFilterProxy.doFilter(DelegatingFilterProxy.java:271) ~[spring-web-5.2.8.RELEASE.jar:5.2.8.RELEASE]
	at org.apache.catalina.core.ApplicationFilterChain.internalDoFilter(ApplicationFilterChain.java:193) ~[tomcat-embed-core-9.0.37.jar:9.0.37]
	at org.apache.catalina.core.ApplicationFilterChain.doFilter(ApplicationFilterChain.java:166) ~[tomcat-embed-core-9.0.37.jar:9.0.37]
	at org.springframework.web.filter.RequestContextFilter.doFilterInternal(RequestContextFilter.java:100) ~[spring-web-5.2.8.RELEASE.jar:5.2.8.RELEASE]
	at org.springframework.web.filter.OncePerRequestFilter.doFilter(OncePerRequestFilter.java:119) ~[spring-web-5.2.8.RELEASE.jar:5.2.8.RELEASE]
	at org.apache.catalina.core.ApplicationFilterChain.internalDoFilter(ApplicationFilterChain.java:193) ~[tomcat-embed-core-9.0.37.jar:9.0.37]
	at org.apache.catalina.core.ApplicationFilterChain.doFilter(ApplicationFilterChain.java:166) ~[tomcat-embed-core-9.0.37.jar:9.0.37]
	at org.springframework.web.filter.FormContentFilter.doFilterInternal(FormContentFilter.java:93) ~[spring-web-5.2.8.RELEASE.jar:5.2.8.RELEASE]
	at org.springframework.web.filter.OncePerRequestFilter.doFilter(OncePerRequestFilter.java:119) ~[spring-web-5.2.8.RELEASE.jar:5.2.8.RELEASE]
	at org.apache.catalina.core.ApplicationFilterChain.internalDoFilter(ApplicationFilterChain.java:193) ~[tomcat-embed-core-9.0.37.jar:9.0.37]
	at org.apache.catalina.core.ApplicationFilterChain.doFilter(ApplicationFilterChain.java:166) ~[tomcat-embed-core-9.0.37.jar:9.0.37]
	at org.springframework.boot.actuate.metrics.web.servlet.WebMvcMetricsFilter.doFilterInternal(WebMvcMetricsFilter.java:93) ~[spring-boot-actuator-2.3.3.RELEASE.jar:2.3.3.RELEASE]
	at org.springframework.web.filter.OncePerRequestFilter.doFilter(OncePerRequestFilter.java:119) ~[spring-web-5.2.8.RELEASE.jar:5.2.8.RELEASE]
	at org.apache.catalina.core.ApplicationFilterChain.internalDoFilter(ApplicationFilterChain.java:193) ~[tomcat-embed-core-9.0.37.jar:9.0.37]
	at org.apache.catalina.core.ApplicationFilterChain.doFilter(ApplicationFilterChain.java:166) ~[tomcat-embed-core-9.0.37.jar:9.0.37]
	at org.springframework.web.filter.CharacterEncodingFilter.doFilterInternal(CharacterEncodingFilter.java:201) ~[spring-web-5.2.8.RELEASE.jar:5.2.8.RELEASE]
	at org.springframework.web.filter.OncePerRequestFilter.doFilter(OncePerRequestFilter.java:119) ~[spring-web-5.2.8.RELEASE.jar:5.2.8.RELEASE]
	at org.apache.catalina.core.ApplicationFilterChain.internalDoFilter(ApplicationFilterChain.java:193) ~[tomcat-embed-core-9.0.37.jar:9.0.37]
	at org.apache.catalina.core.ApplicationFilterChain.doFilter(ApplicationFilterChain.java:166) ~[tomcat-embed-core-9.0.37.jar:9.0.37]
	at org.apache.catalina.core.StandardWrapperValve.invoke(StandardWrapperValve.java:202) ~[tomcat-embed-core-9.0.37.jar:9.0.37]
	at org.apache.catalina.core.StandardContextValve.invoke(StandardContextValve.java:96) ~[tomcat-embed-core-9.0.37.jar:9.0.37]
	at org.apache.catalina.authenticator.AuthenticatorBase.invoke(AuthenticatorBase.java:541) ~[tomcat-embed-core-9.0.37.jar:9.0.37]
	at org.apache.catalina.core.StandardHostValve.invoke(StandardHostValve.java:139) ~[tomcat-embed-core-9.0.37.jar:9.0.37]
	at org.apache.catalina.valves.ErrorReportValve.invoke(ErrorReportValve.java:92) ~[tomcat-embed-core-9.0.37.jar:9.0.37]
	at org.apache.catalina.core.StandardEngineValve.invoke(StandardEngineValve.java:74) ~[tomcat-embed-core-9.0.37.jar:9.0.37]
	at org.apache.catalina.connector.CoyoteAdapter.service(CoyoteAdapter.java:343) ~[tomcat-embed-core-9.0.37.jar:9.0.37]
	at org.apache.coyote.http11.Http11Processor.service(Http11Processor.java:373) ~[tomcat-embed-core-9.0.37.jar:9.0.37]
	at org.apache.coyote.AbstractProcessorLight.process(AbstractProcessorLight.java:65) ~[tomcat-embed-core-9.0.37.jar:9.0.37]
	at org.apache.coyote.AbstractProtocol$ConnectionHandler.process(AbstractProtocol.java:868) ~[tomcat-embed-core-9.0.37.jar:9.0.37]
	at org.apache.tomcat.util.net.NioEndpoint$SocketProcessor.doRun(NioEndpoint.java:1589) ~[tomcat-embed-core-9.0.37.jar:9.0.37]
	at org.apache.tomcat.util.net.SocketProcessorBase.run(SocketProcessorBase.java:49) ~[tomcat-embed-core-9.0.37.jar:9.0.37]
	at java.base/java.util.concurrent.ThreadPoolExecutor.runWorker(ThreadPoolExecutor.java:1130) ~[na:na]
	at java.base/java.util.concurrent.ThreadPoolExecutor$Worker.run(ThreadPoolExecutor.java:630) ~[na:na]
	at org.apache.tomcat.util.threads.TaskThread$WrappingRunnable.run(TaskThread.java:61) ~[tomcat-embed-core-9.0.37.jar:9.0.37]
	at java.base/java.lang.Thread.run(Thread.java:832) ~[na:na]

2021-03-02 12:06:34.348  INFO 15220 --- [RMI TCP Connection(134)-127.0.0.1] inMXBeanRegistrar$SpringApplicationAdmin : Application shutdown requested.
2021-03-02 12:06:35.659  INFO 15220 --- [RMI TCP Connection(134)-127.0.0.1] o.s.s.concurrent.ThreadPoolTaskExecutor  : Shutting down ExecutorService 'applicationTaskExecutor'
2021-03-02 12:06:35.739  INFO 15220 --- [RMI TCP Connection(134)-127.0.0.1] j.LocalContainerEntityManagerFactoryBean : Closing JPA EntityManagerFactory for persistence unit 'default'
2021-03-02 12:06:35.772  INFO 15220 --- [RMI TCP Connection(134)-127.0.0.1] com.zaxxer.hikari.HikariDataSource       : HikariPool-1 - Shutdown initiated...
2021-03-02 12:06:35.783  INFO 15220 --- [RMI TCP Connection(134)-127.0.0.1] com.zaxxer.hikari.HikariDataSource       : HikariPool-1 - Shutdown completed.
2021-03-02 12:06:43.624  INFO 20284 --- [main] i.o.m.SpringBootBoilerplateApplication   : Starting SpringBootBoilerplateApplication on HPElitebook8470 with PID 20284 (D:\KrishnaKabra\gitRepo\Order-management-develop\target\classes started by HP Elitebook 8470p in D:\KrishnaKabra\gitRepo\Order-management-develop)
2021-03-02 12:06:43.628  INFO 20284 --- [main] i.o.m.SpringBootBoilerplateApplication   : No active profile set, falling back to default profiles: default
2021-03-02 12:06:44.937  INFO 20284 --- [main] .s.d.r.c.RepositoryConfigurationDelegate : Bootstrapping Spring Data JPA repositories in DEFAULT mode.
2021-03-02 12:06:45.174  INFO 20284 --- [main] .s.d.r.c.RepositoryConfigurationDelegate : Finished Spring Data repository scanning in 225ms. Found 38 JPA repository interfaces.
2021-03-02 12:06:46.076  INFO 20284 --- [main] trationDelegate$BeanPostProcessorChecker : Bean 'org.springframework.security.access.expression.method.DefaultMethodSecurityExpressionHandler@40df6090' of type [org.springframework.security.access.expression.method.DefaultMethodSecurityExpressionHandler] is not eligible for getting processed by all BeanPostProcessors (for example: not eligible for auto-proxying)
2021-03-02 12:06:46.083  INFO 20284 --- [main] trationDelegate$BeanPostProcessorChecker : Bean 'methodSecurityMetadataSource' of type [org.springframework.security.access.method.DelegatingMethodSecurityMetadataSource] is not eligible for getting processed by all BeanPostProcessors (for example: not eligible for auto-proxying)
2021-03-02 12:06:46.479  INFO 20284 --- [main] o.s.b.w.embedded.tomcat.TomcatWebServer  : Tomcat initialized with port(s): 8081 (http)
2021-03-02 12:06:46.489  INFO 20284 --- [main] o.apache.catalina.core.StandardService   : Starting service [Tomcat]
2021-03-02 12:06:46.490  INFO 20284 --- [main] org.apache.catalina.core.StandardEngine  : Starting Servlet engine: [Apache Tomcat/9.0.37]
2021-03-02 12:06:46.663  INFO 20284 --- [main] o.a.c.c.C.[Tomcat].[localhost].[/]       : Initializing Spring embedded WebApplicationContext
2021-03-02 12:06:46.663  INFO 20284 --- [main] w.s.c.ServletWebServerApplicationContext : Root WebApplicationContext: initialization completed in 2959 ms
2021-03-02 12:06:47.110  INFO 20284 --- [main] o.hibernate.jpa.internal.util.LogHelper  : HHH000204: Processing PersistenceUnitInfo [name: default]
2021-03-02 12:06:47.164  INFO 20284 --- [main] org.hibernate.Version                    : HHH000412: Hibernate ORM core version 5.4.20.Final
2021-03-02 12:06:47.322  INFO 20284 --- [main] o.hibernate.annotations.common.Version   : HCANN000001: Hibernate Commons Annotations {5.1.0.Final}
2021-03-02 12:06:47.443  INFO 20284 --- [main] com.zaxxer.hikari.HikariDataSource       : HikariPool-1 - Starting...
2021-03-02 12:06:47.683  INFO 20284 --- [main] com.zaxxer.hikari.HikariDataSource       : HikariPool-1 - Start completed.
2021-03-02 12:06:47.722  INFO 20284 --- [main] org.hibernate.dialect.Dialect            : HHH000400: Using dialect: org.hibernate.dialect.PostgreSQL10Dialect
2021-03-02 12:06:50.747  INFO 20284 --- [main] o.h.e.t.j.p.i.JtaPlatformInitiator       : HHH000490: Using JtaPlatform implementation: [org.hibernate.engine.transaction.jta.platform.internal.NoJtaPlatform]
2021-03-02 12:06:50.756  INFO 20284 --- [main] j.LocalContainerEntityManagerFactoryBean : Initialized JPA EntityManagerFactory for persistence unit 'default'
2021-03-02 12:06:51.429  WARN 20284 --- [main] JpaBaseConfiguration$JpaWebConfiguration : spring.jpa.open-in-view is enabled by default. Therefore, database queries may be performed during view rendering. Explicitly configure spring.jpa.open-in-view to disable this warning
2021-03-02 12:06:52.941  INFO 20284 --- [main] o.s.b.a.e.web.EndpointLinksResolver      : Exposing 14 endpoint(s) beneath base path '/actuator'
2021-03-02 12:06:53.203  INFO 20284 --- [main] pertySourcedRequestMappingHandlerMapping : Mapped URL path [/v2/api-docs] onto method [springfox.documentation.swagger2.web.Swagger2Controller#getDocumentation(String, HttpServletRequest)]
2021-03-02 12:06:53.345  INFO 20284 --- [main] o.s.s.web.DefaultSecurityFilterChain     : Creating filter chain: any request, [org.springframework.security.web.context.request.async.WebAsyncManagerIntegrationFilter@8b814b, org.springframework.security.web.context.SecurityContextPersistenceFilter@373e3dac, org.springframework.security.web.header.HeaderWriterFilter@6d66a248, org.springframework.web.filter.CorsFilter@397f3ff5, org.springframework.security.web.authentication.logout.LogoutFilter@42a08547, increpe.order.mgmt.security.jwt.JwtAuthenticationFilter@2e53f980, org.springframework.security.web.savedrequest.RequestCacheAwareFilter@2265a052, org.springframework.security.web.servletapi.SecurityContextHolderAwareRequestFilter@286f8e90, org.springframework.security.web.authentication.AnonymousAuthenticationFilter@6f3d33bc, org.springframework.security.web.session.SessionManagementFilter@2ca93dee, org.springframework.security.web.access.ExceptionTranslationFilter@67e03fe4, org.springframework.security.web.access.intercept.FilterSecurityInterceptor@6717f504]
2021-03-02 12:06:53.476  INFO 20284 --- [main] o.s.s.concurrent.ThreadPoolTaskExecutor  : Initializing ExecutorService 'applicationTaskExecutor'
2021-03-02 12:06:53.815  INFO 20284 --- [main] o.s.b.w.embedded.tomcat.TomcatWebServer  : Tomcat started on port(s): 8081 (http) with context path ''
2021-03-02 12:06:53.816  INFO 20284 --- [main] d.s.w.p.DocumentationPluginsBootstrapper : Context refreshed
2021-03-02 12:06:53.838  INFO 20284 --- [main] d.s.w.p.DocumentationPluginsBootstrapper : Found 1 custom documentation plugin(s)
2021-03-02 12:06:53.878  INFO 20284 --- [main] s.d.s.w.s.ApiListingReferenceScanner     : Scanning for api listing references
2021-03-02 12:06:54.206  INFO 20284 --- [main] .d.s.w.r.o.CachingOperationNameGenerator : Generating unique operation named: getAllByStatusUsingGET_1
2021-03-02 12:06:54.254  INFO 20284 --- [main] .d.s.w.r.o.CachingOperationNameGenerator : Generating unique operation named: getAllByStatusUsingGET_2
2021-03-02 12:06:54.591  INFO 20284 --- [RMI TCP Connection(3)-127.0.0.1] o.a.c.c.C.[Tomcat].[localhost].[/]       : Initializing Spring DispatcherServlet 'dispatcherServlet'
2021-03-02 12:06:54.592  INFO 20284 --- [RMI TCP Connection(3)-127.0.0.1] o.s.web.servlet.DispatcherServlet        : Initializing Servlet 'dispatcherServlet'
2021-03-02 12:06:54.603  INFO 20284 --- [RMI TCP Connection(3)-127.0.0.1] o.s.web.servlet.DispatcherServlet        : Completed initialization in 11 ms
2021-03-02 12:06:54.793  INFO 20284 --- [main] .d.s.w.r.o.CachingOperationNameGenerator : Generating unique operation named: getAllByStatusUsingGET_3
2021-03-02 12:06:54.816  INFO 20284 --- [main] .d.s.w.r.o.CachingOperationNameGenerator : Generating unique operation named: getAllByStatusUsingGET_4
2021-03-02 12:06:54.848  INFO 20284 --- [main] .d.s.w.r.o.CachingOperationNameGenerator : Generating unique operation named: getAllByStatusUsingGET_5
2021-03-02 12:06:55.005  INFO 20284 --- [main] .d.s.w.r.o.CachingOperationNameGenerator : Generating unique operation named: getAllActivityMastersUsingGET_1
2021-03-02 12:06:55.029  INFO 20284 --- [main] .d.s.w.r.o.CachingOperationNameGenerator : Generating unique operation named: getCustomerSalesPersonRelationListBySalesPersonIdUsingGET_1
2021-03-02 12:06:55.036  INFO 20284 --- [main] .d.s.w.r.o.CachingOperationNameGenerator : Generating unique operation named: getExpenseBetweenUsingGET_1
2021-03-02 12:06:55.103  INFO 20284 --- [main] .d.s.w.r.o.CachingOperationNameGenerator : Generating unique operation named: getAllByStatusUsingGET_6
2021-03-02 12:06:55.129  INFO 20284 --- [main] i.o.m.SpringBootBoilerplateApplication   : Started SpringBootBoilerplateApplication in 11.935 seconds (JVM running for 13.056)
2021-03-02 12:07:35.898  INFO 20284 --- [RMI TCP Connection(11)-127.0.0.1] inMXBeanRegistrar$SpringApplicationAdmin : Application shutdown requested.
2021-03-02 12:07:35.942  INFO 20284 --- [RMI TCP Connection(11)-127.0.0.1] o.s.s.concurrent.ThreadPoolTaskExecutor  : Shutting down ExecutorService 'applicationTaskExecutor'
2021-03-02 12:07:35.966  INFO 20284 --- [RMI TCP Connection(11)-127.0.0.1] j.LocalContainerEntityManagerFactoryBean : Closing JPA EntityManagerFactory for persistence unit 'default'
2021-03-02 12:07:35.969  INFO 20284 --- [RMI TCP Connection(11)-127.0.0.1] com.zaxxer.hikari.HikariDataSource       : HikariPool-1 - Shutdown initiated...
2021-03-02 12:07:35.978  INFO 20284 --- [RMI TCP Connection(11)-127.0.0.1] com.zaxxer.hikari.HikariDataSource       : HikariPool-1 - Shutdown completed.
2021-03-02 12:07:47.982  INFO 18084 --- [main] i.o.m.SpringBootBoilerplateApplication   : Starting SpringBootBoilerplateApplication on HPElitebook8470 with PID 18084 (D:\KrishnaKabra\gitRepo\Order-management-develop\target\classes started by HP Elitebook 8470p in D:\KrishnaKabra\gitRepo\Order-management-develop)
2021-03-02 12:07:47.992  INFO 18084 --- [main] i.o.m.SpringBootBoilerplateApplication   : No active profile set, falling back to default profiles: default
2021-03-02 12:07:49.465  INFO 18084 --- [main] .s.d.r.c.RepositoryConfigurationDelegate : Bootstrapping Spring Data JPA repositories in DEFAULT mode.
2021-03-02 12:07:49.700  INFO 18084 --- [main] .s.d.r.c.RepositoryConfigurationDelegate : Finished Spring Data repository scanning in 224ms. Found 38 JPA repository interfaces.
2021-03-02 12:07:50.733  INFO 18084 --- [main] trationDelegate$BeanPostProcessorChecker : Bean 'org.springframework.security.access.expression.method.DefaultMethodSecurityExpressionHandler@2dbfa972' of type [org.springframework.security.access.expression.method.DefaultMethodSecurityExpressionHandler] is not eligible for getting processed by all BeanPostProcessors (for example: not eligible for auto-proxying)
2021-03-02 12:07:50.741  INFO 18084 --- [main] trationDelegate$BeanPostProcessorChecker : Bean 'methodSecurityMetadataSource' of type [org.springframework.security.access.method.DelegatingMethodSecurityMetadataSource] is not eligible for getting processed by all BeanPostProcessors (for example: not eligible for auto-proxying)
2021-03-02 12:07:51.121  INFO 18084 --- [main] o.s.b.w.embedded.tomcat.TomcatWebServer  : Tomcat initialized with port(s): 8081 (http)
2021-03-02 12:07:51.134  INFO 18084 --- [main] o.apache.catalina.core.StandardService   : Starting service [Tomcat]
2021-03-02 12:07:51.134  INFO 18084 --- [main] org.apache.catalina.core.StandardEngine  : Starting Servlet engine: [Apache Tomcat/9.0.37]
2021-03-02 12:07:51.316  INFO 18084 --- [main] o.a.c.c.C.[Tomcat].[localhost].[/]       : Initializing Spring embedded WebApplicationContext
2021-03-02 12:07:51.316  INFO 18084 --- [main] w.s.c.ServletWebServerApplicationContext : Root WebApplicationContext: initialization completed in 3158 ms
2021-03-02 12:07:51.787  INFO 18084 --- [main] o.hibernate.jpa.internal.util.LogHelper  : HHH000204: Processing PersistenceUnitInfo [name: default]
2021-03-02 12:07:51.869  INFO 18084 --- [main] org.hibernate.Version                    : HHH000412: Hibernate ORM core version 5.4.20.Final
2021-03-02 12:07:52.075  INFO 18084 --- [main] o.hibernate.annotations.common.Version   : HCANN000001: Hibernate Commons Annotations {5.1.0.Final}
2021-03-02 12:07:52.229  INFO 18084 --- [main] com.zaxxer.hikari.HikariDataSource       : HikariPool-1 - Starting...
2021-03-02 12:07:52.573  INFO 18084 --- [main] com.zaxxer.hikari.HikariDataSource       : HikariPool-1 - Start completed.
2021-03-02 12:07:52.620  INFO 18084 --- [main] org.hibernate.dialect.Dialect            : HHH000400: Using dialect: org.hibernate.dialect.PostgreSQL10Dialect
2021-03-02 12:07:55.791  INFO 18084 --- [main] o.h.e.t.j.p.i.JtaPlatformInitiator       : HHH000490: Using JtaPlatform implementation: [org.hibernate.engine.transaction.jta.platform.internal.NoJtaPlatform]
2021-03-02 12:07:55.801  INFO 18084 --- [main] j.LocalContainerEntityManagerFactoryBean : Initialized JPA EntityManagerFactory for persistence unit 'default'
2021-03-02 12:07:56.517  WARN 18084 --- [main] JpaBaseConfiguration$JpaWebConfiguration : spring.jpa.open-in-view is enabled by default. Therefore, database queries may be performed during view rendering. Explicitly configure spring.jpa.open-in-view to disable this warning
2021-03-02 12:07:58.170  INFO 18084 --- [main] o.s.b.a.e.web.EndpointLinksResolver      : Exposing 14 endpoint(s) beneath base path '/actuator'
2021-03-02 12:07:58.471  INFO 18084 --- [main] pertySourcedRequestMappingHandlerMapping : Mapped URL path [/v2/api-docs] onto method [springfox.documentation.swagger2.web.Swagger2Controller#getDocumentation(String, HttpServletRequest)]
2021-03-02 12:07:58.630  INFO 18084 --- [main] o.s.s.web.DefaultSecurityFilterChain     : Creating filter chain: any request, [org.springframework.security.web.context.request.async.WebAsyncManagerIntegrationFilter@4104b585, org.springframework.security.web.context.SecurityContextPersistenceFilter@cf0e8b4, org.springframework.security.web.header.HeaderWriterFilter@300566e, org.springframework.web.filter.CorsFilter@ac3739d, org.springframework.security.web.authentication.logout.LogoutFilter@7980eb2, increpe.order.mgmt.security.jwt.JwtAuthenticationFilter@272cec71, org.springframework.security.web.savedrequest.RequestCacheAwareFilter@1e7245da, org.springframework.security.web.servletapi.SecurityContextHolderAwareRequestFilter@51a7ee4e, org.springframework.security.web.authentication.AnonymousAuthenticationFilter@6dad684f, org.springframework.security.web.session.SessionManagementFilter@7951a08c, org.springframework.security.web.access.ExceptionTranslationFilter@5f9d29c4, org.springframework.security.web.access.intercept.FilterSecurityInterceptor@62f47cac]
2021-03-02 12:07:58.778  INFO 18084 --- [main] o.s.s.concurrent.ThreadPoolTaskExecutor  : Initializing ExecutorService 'applicationTaskExecutor'
2021-03-02 12:07:59.151  INFO 18084 --- [main] o.s.b.w.embedded.tomcat.TomcatWebServer  : Tomcat started on port(s): 8081 (http) with context path ''
2021-03-02 12:07:59.153  INFO 18084 --- [main] d.s.w.p.DocumentationPluginsBootstrapper : Context refreshed
2021-03-02 12:07:59.181  INFO 18084 --- [main] d.s.w.p.DocumentationPluginsBootstrapper : Found 1 custom documentation plugin(s)
2021-03-02 12:07:59.231  INFO 18084 --- [main] s.d.s.w.s.ApiListingReferenceScanner     : Scanning for api listing references
2021-03-02 12:07:59.608  INFO 18084 --- [main] .d.s.w.r.o.CachingOperationNameGenerator : Generating unique operation named: getAllByStatusUsingGET_1
2021-03-02 12:07:59.675  INFO 18084 --- [main] .d.s.w.r.o.CachingOperationNameGenerator : Generating unique operation named: getAllByStatusUsingGET_2
2021-03-02 12:07:59.866  INFO 18084 --- [RMI TCP Connection(3)-127.0.0.1] o.a.c.c.C.[Tomcat].[localhost].[/]       : Initializing Spring DispatcherServlet 'dispatcherServlet'
2021-03-02 12:07:59.867  INFO 18084 --- [RMI TCP Connection(3)-127.0.0.1] o.s.web.servlet.DispatcherServlet        : Initializing Servlet 'dispatcherServlet'
2021-03-02 12:07:59.884  INFO 18084 --- [RMI TCP Connection(3)-127.0.0.1] o.s.web.servlet.DispatcherServlet        : Completed initialization in 17 ms
2021-03-02 12:08:00.235  INFO 18084 --- [main] .d.s.w.r.o.CachingOperationNameGenerator : Generating unique operation named: getAllByStatusUsingGET_3
2021-03-02 12:08:00.257  INFO 18084 --- [main] .d.s.w.r.o.CachingOperationNameGenerator : Generating unique operation named: getAllByStatusUsingGET_4
2021-03-02 12:08:00.284  INFO 18084 --- [main] .d.s.w.r.o.CachingOperationNameGenerator : Generating unique operation named: getAllByStatusUsingGET_5
2021-03-02 12:08:00.432  INFO 18084 --- [main] .d.s.w.r.o.CachingOperationNameGenerator : Generating unique operation named: getAllActivityMastersUsingGET_1
2021-03-02 12:08:00.455  INFO 18084 --- [main] .d.s.w.r.o.CachingOperationNameGenerator : Generating unique operation named: getCustomerSalesPersonRelationListBySalesPersonIdUsingGET_1
2021-03-02 12:08:00.460  INFO 18084 --- [main] .d.s.w.r.o.CachingOperationNameGenerator : Generating unique operation named: getExpenseBetweenUsingGET_1
2021-03-02 12:08:00.530  INFO 18084 --- [main] .d.s.w.r.o.CachingOperationNameGenerator : Generating unique operation named: getAllByStatusUsingGET_6
2021-03-02 12:08:00.562  INFO 18084 --- [main] i.o.m.SpringBootBoilerplateApplication   : Started SpringBootBoilerplateApplication in 13.139 seconds (JVM running for 14.747)
2021-03-02 12:08:15.775  INFO 18084 --- [http-nio-8081-exec-4] i.o.m.s.jwt.JwtAuthenticationFilter      : Authentication successful. Logged in username : increpe@gmail.com 
2021-03-02 12:08:15.777  INFO 18084 --- [http-nio-8081-exec-3] i.o.m.s.jwt.JwtAuthenticationFilter      : Authentication successful. Logged in username : increpe@gmail.com 
2021-03-02 12:08:19.554  INFO 18084 --- [http-nio-8081-exec-5] i.o.m.s.jwt.JwtAuthenticationFilter      : Authentication successful. Logged in username : increpe@gmail.com 
2021-03-02 12:08:28.280  INFO 18084 --- [http-nio-8081-exec-6] i.o.m.s.jwt.JwtAuthenticationFilter      : Authentication successful. Logged in username : increpe@gmail.com 
2021-03-02 12:08:28.339  INFO 18084 --- [http-nio-8081-exec-7] i.o.m.s.jwt.JwtAuthenticationFilter      : Authentication successful. Logged in username : increpe@gmail.com 
2021-03-02 12:08:39.135  INFO 18084 --- [http-nio-8081-exec-8] i.o.m.s.jwt.JwtAuthenticationFilter      : Authentication successful. Logged in username : increpe@gmail.com 
2021-03-02 12:10:20.165  INFO 18084 --- [http-nio-8081-exec-1] i.o.m.s.jwt.JwtAuthenticationFilter      : Authentication successful. Logged in username : increpe@gmail.com 
2021-03-02 12:10:20.176  INFO 18084 --- [http-nio-8081-exec-2] i.o.m.s.jwt.JwtAuthenticationFilter      : Authentication successful. Logged in username : increpe@gmail.com 
2021-03-02 12:10:29.533  INFO 18084 --- [http-nio-8081-exec-3] i.o.m.s.jwt.JwtAuthenticationFilter      : Authentication successful. Logged in username : increpe@gmail.com 
2021-03-02 12:10:30.810  INFO 18084 --- [http-nio-8081-exec-4] i.o.m.s.jwt.JwtAuthenticationFilter      : Authentication successful. Logged in username : increpe@gmail.com 
2021-03-02 12:13:23.174  INFO 18084 --- [http-nio-8081-exec-7] i.o.m.s.jwt.JwtAuthenticationFilter      : Authentication successful. Logged in username : increpe@gmail.com 
2021-03-02 12:13:23.183  INFO 18084 --- [http-nio-8081-exec-8] i.o.m.s.jwt.JwtAuthenticationFilter      : Authentication successful. Logged in username : increpe@gmail.com 
2021-03-02 12:13:39.960  INFO 18084 --- [http-nio-8081-exec-9] i.o.m.s.jwt.JwtAuthenticationFilter      : Authentication successful. Logged in username : increpe@gmail.com 
2021-03-02 12:13:39.973  INFO 18084 --- [http-nio-8081-exec-10] i.o.m.s.jwt.JwtAuthenticationFilter      : Authentication successful. Logged in username : increpe@gmail.com 
2021-03-02 12:14:27.324  INFO 18084 --- [http-nio-8081-exec-2] i.o.m.s.jwt.JwtAuthenticationFilter      : Authentication successful. Logged in username : increpe@gmail.com 
2021-03-02 12:14:28.865  INFO 18084 --- [http-nio-8081-exec-3] i.o.m.s.jwt.JwtAuthenticationFilter      : Authentication successful. Logged in username : increpe@gmail.com 
2021-03-02 12:14:43.343  INFO 18084 --- [http-nio-8081-exec-5] i.o.m.s.jwt.JwtAuthenticationFilter      : Authentication successful. Logged in username : increpe@gmail.com 
2021-03-02 12:14:43.464  INFO 18084 --- [http-nio-8081-exec-6] i.o.m.s.jwt.JwtAuthenticationFilter      : Authentication successful. Logged in username : increpe@gmail.com 
2021-03-02 12:15:05.147  INFO 18084 --- [http-nio-8081-exec-7] i.o.m.s.jwt.JwtAuthenticationFilter      : Authentication successful. Logged in username : increpe@gmail.com 
2021-03-02 12:15:06.438  INFO 18084 --- [http-nio-8081-exec-8] i.o.m.s.jwt.JwtAuthenticationFilter      : Authentication successful. Logged in username : increpe@gmail.com 
2021-03-02 12:15:17.209  INFO 18084 --- [http-nio-8081-exec-10] i.o.m.s.jwt.JwtAuthenticationFilter      : Authentication successful. Logged in username : increpe@gmail.com 
2021-03-02 12:16:31.196  INFO 18084 --- [RMI TCP Connection(18)-127.0.0.1] inMXBeanRegistrar$SpringApplicationAdmin : Application shutdown requested.
2021-03-02 12:16:31.259  INFO 18084 --- [RMI TCP Connection(18)-127.0.0.1] o.s.s.concurrent.ThreadPoolTaskExecutor  : Shutting down ExecutorService 'applicationTaskExecutor'
2021-03-02 12:16:31.300  INFO 18084 --- [RMI TCP Connection(18)-127.0.0.1] j.LocalContainerEntityManagerFactoryBean : Closing JPA EntityManagerFactory for persistence unit 'default'
2021-03-02 12:16:31.305  INFO 18084 --- [RMI TCP Connection(18)-127.0.0.1] com.zaxxer.hikari.HikariDataSource       : HikariPool-1 - Shutdown initiated...
2021-03-02 12:16:31.319  INFO 18084 --- [RMI TCP Connection(18)-127.0.0.1] com.zaxxer.hikari.HikariDataSource       : HikariPool-1 - Shutdown completed.
