2020-12-28 14:28:54.125  INFO 964 --- [main] d.b.s.SpringBootBoilerplateApplication   : Starting SpringBootBoilerplateApplication on HPElitebook8470 with PID 964 (D:\KrishnaKabra\gitRepo\order-management-dev\target\classes started by HP Elitebook 8470p in D:\KrishnaKabra\gitRepo\order-management-dev)
2020-12-28 14:28:54.131  INFO 964 --- [main] d.b.s.SpringBootBoilerplateApplication   : No active profile set, falling back to default profiles: default
2020-12-28 14:28:55.309  INFO 964 --- [main] .s.d.r.c.RepositoryConfigurationDelegate : Bootstrapping Spring Data JPA repositories in DEFAULT mode.
2020-12-28 14:28:55.379  INFO 964 --- [main] .s.d.r.c.RepositoryConfigurationDelegate : Finished Spring Data repository scanning in 58ms. Found 1 JPA repository interfaces.
2020-12-28 14:28:56.166  INFO 964 --- [main] trationDelegate$BeanPostProcessorChecker : Bean 'org.springframework.security.access.expression.method.DefaultMethodSecurityExpressionHandler@d5e575c' of type [org.springframework.security.access.expression.method.DefaultMethodSecurityExpressionHandler] is not eligible for getting processed by all BeanPostProcessors (for example: not eligible for auto-proxying)
2020-12-28 14:28:56.173  INFO 964 --- [main] trationDelegate$BeanPostProcessorChecker : Bean 'methodSecurityMetadataSource' of type [org.springframework.security.access.method.DelegatingMethodSecurityMetadataSource] is not eligible for getting processed by all BeanPostProcessors (for example: not eligible for auto-proxying)
2020-12-28 14:28:56.506  INFO 964 --- [main] o.s.b.w.embedded.tomcat.TomcatWebServer  : Tomcat initialized with port(s): 8081 (http)
2020-12-28 14:28:56.517  INFO 964 --- [main] o.apache.catalina.core.StandardService   : Starting service [Tomcat]
2020-12-28 14:28:56.518  INFO 964 --- [main] org.apache.catalina.core.StandardEngine  : Starting Servlet engine: [Apache Tomcat/9.0.37]
2020-12-28 14:28:56.689  INFO 964 --- [main] o.a.c.c.C.[Tomcat].[localhost].[/]       : Initializing Spring embedded WebApplicationContext
2020-12-28 14:28:56.690  INFO 964 --- [main] w.s.c.ServletWebServerApplicationContext : Root WebApplicationContext: initialization completed in 2453 ms
2020-12-28 14:28:57.094  INFO 964 --- [main] o.hibernate.jpa.internal.util.LogHelper  : HHH000204: Processing PersistenceUnitInfo [name: default]
2020-12-28 14:28:57.148  INFO 964 --- [main] org.hibernate.Version                    : HHH000412: Hibernate ORM core version 5.4.20.Final
2020-12-28 14:28:57.302  INFO 964 --- [main] o.hibernate.annotations.common.Version   : HCANN000001: Hibernate Commons Annotations {5.1.0.Final}
2020-12-28 14:28:57.419  INFO 964 --- [main] com.zaxxer.hikari.HikariDataSource       : HikariPool-1 - Starting...
2020-12-28 14:28:57.705  INFO 964 --- [main] com.zaxxer.hikari.HikariDataSource       : HikariPool-1 - Start completed.
2020-12-28 14:28:57.743  INFO 964 --- [main] org.hibernate.dialect.Dialect            : HHH000400: Using dialect: org.hibernate.dialect.PostgreSQL10Dialect
2020-12-28 14:28:59.096  INFO 964 --- [main] o.h.e.t.j.p.i.JtaPlatformInitiator       : HHH000490: Using JtaPlatform implementation: [org.hibernate.engine.transaction.jta.platform.internal.NoJtaPlatform]
2020-12-28 14:28:59.104  INFO 964 --- [main] j.LocalContainerEntityManagerFactoryBean : Initialized JPA EntityManagerFactory for persistence unit 'default'
2020-12-28 14:28:59.676  WARN 964 --- [main] JpaBaseConfiguration$JpaWebConfiguration : spring.jpa.open-in-view is enabled by default. Therefore, database queries may be performed during view rendering. Explicitly configure spring.jpa.open-in-view to disable this warning
2020-12-28 14:29:00.259  INFO 964 --- [main] o.s.b.a.e.web.EndpointLinksResolver      : Exposing 14 endpoint(s) beneath base path '/actuator'
2020-12-28 14:29:00.542  INFO 964 --- [main] pertySourcedRequestMappingHandlerMapping : Mapped URL path [/v2/api-docs] onto method [springfox.documentation.swagger2.web.Swagger2Controller#getDocumentation(String, HttpServletRequest)]
2020-12-28 14:29:00.689  INFO 964 --- [main] o.s.s.web.DefaultSecurityFilterChain     : Creating filter chain: any request, [org.springframework.security.web.context.request.async.WebAsyncManagerIntegrationFilter@56897de0, org.springframework.security.web.context.SecurityContextPersistenceFilter@281d3ce7, org.springframework.security.web.header.HeaderWriterFilter@d60aa4, org.springframework.web.filter.CorsFilter@40874f54, org.springframework.security.web.authentication.logout.LogoutFilter@4cb939d5, design.boilerplate.springboot.security.jwt.JwtAuthenticationFilter@3e5ed0d4, org.springframework.security.web.savedrequest.RequestCacheAwareFilter@45e49d3d, org.springframework.security.web.servletapi.SecurityContextHolderAwareRequestFilter@4ad57db1, org.springframework.security.web.authentication.AnonymousAuthenticationFilter@2bc21edd, org.springframework.security.web.session.SessionManagementFilter@5e528476, org.springframework.security.web.access.ExceptionTranslationFilter@3ed3e66d, org.springframework.security.web.access.intercept.FilterSecurityInterceptor@6278371a]
2020-12-28 14:29:00.777  INFO 964 --- [main] o.s.s.concurrent.ThreadPoolTaskExecutor  : Initializing ExecutorService 'applicationTaskExecutor'
2020-12-28 14:29:01.099  INFO 964 --- [main] o.s.b.w.embedded.tomcat.TomcatWebServer  : Tomcat started on port(s): 8081 (http) with context path ''
2020-12-28 14:29:01.101  INFO 964 --- [main] d.s.w.p.DocumentationPluginsBootstrapper : Context refreshed
2020-12-28 14:29:01.122  INFO 964 --- [main] d.s.w.p.DocumentationPluginsBootstrapper : Found 1 custom documentation plugin(s)
2020-12-28 14:29:01.180  INFO 964 --- [main] s.d.s.w.s.ApiListingReferenceScanner     : Scanning for api listing references
2020-12-28 14:29:01.343  INFO 964 --- [main] d.b.s.SpringBootBoilerplateApplication   : Started SpringBootBoilerplateApplication in 7.692 seconds (JVM running for 8.82)
2020-12-28 14:29:20.480  INFO 964 --- [http-nio-8081-exec-1] o.a.c.c.C.[Tomcat].[localhost].[/]       : Initializing Spring DispatcherServlet 'dispatcherServlet'
2020-12-28 14:29:20.481  INFO 964 --- [http-nio-8081-exec-1] o.s.web.servlet.DispatcherServlet        : Initializing Servlet 'dispatcherServlet'
2020-12-28 14:29:20.501  INFO 964 --- [http-nio-8081-exec-1] o.s.web.servlet.DispatcherServlet        : Completed initialization in 20 ms
2020-12-28 14:33:05.484  INFO 964 --- [RMI TCP Connection(11)-127.0.0.1] inMXBeanRegistrar$SpringApplicationAdmin : Application shutdown requested.
2020-12-28 14:33:05.527  INFO 964 --- [RMI TCP Connection(11)-127.0.0.1] o.s.s.concurrent.ThreadPoolTaskExecutor  : Shutting down ExecutorService 'applicationTaskExecutor'
2020-12-28 14:33:05.532  INFO 964 --- [RMI TCP Connection(11)-127.0.0.1] j.LocalContainerEntityManagerFactoryBean : Closing JPA EntityManagerFactory for persistence unit 'default'
2020-12-28 14:33:05.535  INFO 964 --- [RMI TCP Connection(11)-127.0.0.1] com.zaxxer.hikari.HikariDataSource       : HikariPool-1 - Shutdown initiated...
2020-12-28 14:33:05.543  INFO 964 --- [RMI TCP Connection(11)-127.0.0.1] com.zaxxer.hikari.HikariDataSource       : HikariPool-1 - Shutdown completed.
2020-12-28 14:48:55.372  INFO 19760 --- [main] c.i.s.SpringBootBoilerplateApplication   : Starting SpringBootBoilerplateApplication on HPElitebook8470 with PID 19760 (D:\KrishnaKabra\gitRepo\order-management-dev\target\classes started by HP Elitebook 8470p in D:\KrishnaKabra\gitRepo\order-management-dev)
2020-12-28 14:48:55.378  INFO 19760 --- [main] c.i.s.SpringBootBoilerplateApplication   : No active profile set, falling back to default profiles: default
2020-12-28 14:48:56.299  INFO 19760 --- [main] .s.d.r.c.RepositoryConfigurationDelegate : Bootstrapping Spring Data JPA repositories in DEFAULT mode.
2020-12-28 14:48:56.320  INFO 19760 --- [main] .s.d.r.c.RepositoryConfigurationDelegate : Finished Spring Data repository scanning in 7ms. Found 0 JPA repository interfaces.
2020-12-28 14:48:57.275  INFO 19760 --- [main] o.s.b.w.embedded.tomcat.TomcatWebServer  : Tomcat initialized with port(s): 8081 (http)
2020-12-28 14:48:57.290  INFO 19760 --- [main] o.apache.catalina.core.StandardService   : Starting service [Tomcat]
2020-12-28 14:48:57.291  INFO 19760 --- [main] org.apache.catalina.core.StandardEngine  : Starting Servlet engine: [Apache Tomcat/9.0.37]
2020-12-28 14:48:57.497  INFO 19760 --- [main] o.a.c.c.C.[Tomcat].[localhost].[/]       : Initializing Spring embedded WebApplicationContext
2020-12-28 14:48:57.498  INFO 19760 --- [main] w.s.c.ServletWebServerApplicationContext : Root WebApplicationContext: initialization completed in 1974 ms
2020-12-28 14:48:57.861  INFO 19760 --- [main] o.hibernate.jpa.internal.util.LogHelper  : HHH000204: Processing PersistenceUnitInfo [name: default]
2020-12-28 14:48:57.918  INFO 19760 --- [main] org.hibernate.Version                    : HHH000412: Hibernate ORM core version 5.4.20.Final
2020-12-28 14:48:58.078  INFO 19760 --- [main] o.hibernate.annotations.common.Version   : HCANN000001: Hibernate Commons Annotations {5.1.0.Final}
2020-12-28 14:48:58.194  INFO 19760 --- [main] com.zaxxer.hikari.HikariDataSource       : HikariPool-1 - Starting...
2020-12-28 14:48:58.458  INFO 19760 --- [main] com.zaxxer.hikari.HikariDataSource       : HikariPool-1 - Start completed.
2020-12-28 14:48:58.494  INFO 19760 --- [main] org.hibernate.dialect.Dialect            : HHH000400: Using dialect: org.hibernate.dialect.PostgreSQL10Dialect
2020-12-28 14:48:59.329  INFO 19760 --- [main] o.h.e.t.j.p.i.JtaPlatformInitiator       : HHH000490: Using JtaPlatform implementation: [org.hibernate.engine.transaction.jta.platform.internal.NoJtaPlatform]
2020-12-28 14:48:59.347  INFO 19760 --- [main] j.LocalContainerEntityManagerFactoryBean : Initialized JPA EntityManagerFactory for persistence unit 'default'
2020-12-28 14:48:59.583  WARN 19760 --- [main] JpaBaseConfiguration$JpaWebConfiguration : spring.jpa.open-in-view is enabled by default. Therefore, database queries may be performed during view rendering. Explicitly configure spring.jpa.open-in-view to disable this warning
2020-12-28 14:48:59.802  INFO 19760 --- [main] o.s.s.concurrent.ThreadPoolTaskExecutor  : Initializing ExecutorService 'applicationTaskExecutor'
2020-12-28 14:49:00.421  INFO 19760 --- [main] .s.s.UserDetailsServiceAutoConfiguration : 

Using generated security password: 93743cc2-7bed-4361-bff1-b2322cd82c13

2020-12-28 14:49:00.534  INFO 19760 --- [main] o.s.s.web.DefaultSecurityFilterChain     : Creating filter chain: any request, [org.springframework.security.web.context.request.async.WebAsyncManagerIntegrationFilter@10301d6f, org.springframework.security.web.context.SecurityContextPersistenceFilter@18f4086e, org.springframework.security.web.header.HeaderWriterFilter@637506d8, org.springframework.security.web.csrf.CsrfFilter@5b2c7186, org.springframework.security.web.authentication.logout.LogoutFilter@4679554d, org.springframework.security.web.authentication.UsernamePasswordAuthenticationFilter@3831f4c2, org.springframework.security.web.authentication.ui.DefaultLoginPageGeneratingFilter@75c15f76, org.springframework.security.web.authentication.ui.DefaultLogoutPageGeneratingFilter@5cd6719d, org.springframework.security.web.authentication.www.BasicAuthenticationFilter@788a0513, org.springframework.security.web.savedrequest.RequestCacheAwareFilter@538f45f1, org.springframework.security.web.servletapi.SecurityContextHolderAwareRequestFilter@4fc71437, org.springframework.security.web.authentication.AnonymousAuthenticationFilter@5ef591af, org.springframework.security.web.session.SessionManagementFilter@1760e688, org.springframework.security.web.access.ExceptionTranslationFilter@f96654, org.springframework.security.web.access.intercept.FilterSecurityInterceptor@342dc040]
2020-12-28 14:49:00.580  INFO 19760 --- [main] o.s.b.a.e.web.EndpointLinksResolver      : Exposing 14 endpoint(s) beneath base path '/actuator'
2020-12-28 14:49:00.700  INFO 19760 --- [main] o.s.b.w.embedded.tomcat.TomcatWebServer  : Tomcat started on port(s): 8081 (http) with context path ''
2020-12-28 14:49:00.719  INFO 19760 --- [main] c.i.s.SpringBootBoilerplateApplication   : Started SpringBootBoilerplateApplication in 5.832 seconds (JVM running for 7.1)
2020-12-28 14:49:16.454  INFO 19760 --- [http-nio-8081-exec-1] o.a.c.c.C.[Tomcat].[localhost].[/]       : Initializing Spring DispatcherServlet 'dispatcherServlet'
2020-12-28 14:49:16.454  INFO 19760 --- [http-nio-8081-exec-1] o.s.web.servlet.DispatcherServlet        : Initializing Servlet 'dispatcherServlet'
2020-12-28 14:49:16.466  INFO 19760 --- [http-nio-8081-exec-1] o.s.web.servlet.DispatcherServlet        : Completed initialization in 11 ms
2020-12-28 14:49:26.649  INFO 19760 --- [RMI TCP Connection(9)-127.0.0.1] inMXBeanRegistrar$SpringApplicationAdmin : Application shutdown requested.
2020-12-28 14:49:26.697  INFO 19760 --- [RMI TCP Connection(9)-127.0.0.1] o.s.s.concurrent.ThreadPoolTaskExecutor  : Shutting down ExecutorService 'applicationTaskExecutor'
2020-12-28 14:49:26.698  INFO 19760 --- [RMI TCP Connection(9)-127.0.0.1] j.LocalContainerEntityManagerFactoryBean : Closing JPA EntityManagerFactory for persistence unit 'default'
2020-12-28 14:49:26.701  INFO 19760 --- [RMI TCP Connection(9)-127.0.0.1] com.zaxxer.hikari.HikariDataSource       : HikariPool-1 - Shutdown initiated...
2020-12-28 14:49:26.712  INFO 19760 --- [RMI TCP Connection(9)-127.0.0.1] com.zaxxer.hikari.HikariDataSource       : HikariPool-1 - Shutdown completed.
